Log file open, 12/18/22 15:11:55
LogWindows: Failed to load 'aqProf.dll' (GetLastError=126)
LogWindows: File 'aqProf.dll' does not exist
LogWindows: Failed to load 'VtuneApi.dll' (GetLastError=126)
LogWindows: File 'VtuneApi.dll' does not exist
LogWindows: Failed to load 'VtuneApi32e.dll' (GetLastError=126)
LogWindows: File 'VtuneApi32e.dll' does not exist
LogConsoleResponse: Display: Failed to find resolution value strings in scalability ini. Falling back to default.
LogConsoleResponse: Display: Failed to find resolution value strings in scalability ini. Falling back to default.
LogInit: Display: Running engine for game: CrescentTown
LogPlatformFile: Not using cached read wrapper
LogTaskGraph: Started task graph with 5 named threads and 11 total threads with 3 sets of task threads.
LogStats: Stats thread started at 0.350377
LogICUInternationalization: ICU TimeZone Detection - Raw Offset: +7:00, Platform Override: ''
LogInit: Display: Loading text-based GConfig....
LogPluginManager: Mounting plugin MeshPainting
LogPluginManager: Mounting plugin XGEController
LogPluginManager: Mounting plugin Paper2D
LogPluginManager: Mounting plugin LiveLink
LogPluginManager: Mounting plugin AISupport
LogPluginManager: Mounting plugin EnvironmentQueryEditor
LogPluginManager: Mounting plugin CameraShakePreviewer
LogPluginManager: Mounting plugin LightPropagationVolume
LogPluginManager: Mounting plugin GameplayCameras
LogPluginManager: Mounting plugin OodleData
LogPluginManager: Mounting plugin OodleNetwork
LogPluginManager: Mounting plugin AnimationSharing
LogPluginManager: Mounting plugin CLionSourceCodeAccess
LogPluginManager: Mounting plugin CodeLiteSourceCodeAccess
LogPluginManager: Mounting plugin GitSourceControl
LogPluginManager: Mounting plugin KDevelopSourceCodeAccess
LogPluginManager: Mounting plugin NullSourceCodeAccess
LogPluginManager: Mounting plugin PerforceSourceControl
LogPluginManager: Mounting plugin PixWinPlugin
LogPluginManager: Mounting plugin PlasticSourceControl
LogPluginManager: Mounting plugin PluginUtils
LogPluginManager: Mounting plugin PropertyAccessNode
LogPluginManager: Mounting plugin RiderSourceCodeAccess
LogPluginManager: Mounting plugin SubversionSourceControl
LogPluginManager: Mounting plugin TextureFormatOodle
LogPluginManager: Mounting plugin UObjectPlugin
LogPluginManager: Mounting plugin VisualStudioSourceCodeAccess
LogPluginManager: Mounting plugin VisualStudioCodeSourceCodeAccess
LogPluginManager: Mounting plugin XCodeSourceCodeAccess
LogPluginManager: Mounting plugin AssetManagerEditor
LogPluginManager: Mounting plugin DatasmithContent
LogPluginManager: Mounting plugin CurveEditorTools
LogPluginManager: Mounting plugin CryptoKeys
LogPluginManager: Mounting plugin DataValidation
LogPluginManager: Mounting plugin VariantManagerContent
LogPluginManager: Mounting plugin FacialAnimation
LogPluginManager: Mounting plugin GameplayTagsEditor
LogPluginManager: Mounting plugin GeometryMode
LogPluginManager: Mounting plugin MacGraphicsSwitching
LogPluginManager: Mounting plugin MobileLauncherProfileWizard
LogPluginManager: Mounting plugin MaterialAnalyzer
LogPluginManager: Mounting plugin PluginBrowser
LogPluginManager: Mounting plugin SpeedTreeImporter
LogPluginManager: Mounting plugin AlembicImporter
LogPluginManager: Mounting plugin AutomationUtils
LogPluginManager: Mounting plugin BackChannel
LogPluginManager: Mounting plugin ChaosCloth
LogPluginManager: Mounting plugin ChaosClothEditor
LogPluginManager: Mounting plugin ChaosEditor
LogPluginManager: Mounting plugin ChaosNiagara
LogPluginManager: Mounting plugin ChaosSolverPlugin
LogPluginManager: Mounting plugin CharacterAI
LogPluginManager: Mounting plugin Niagara
LogPluginManager: Mounting plugin GeometryCache
LogPluginManager: Mounting plugin GeometryCollectionPlugin
LogPluginManager: Mounting plugin GeometryProcessing
LogPluginManager: Mounting plugin MotoSynth
LogPluginManager: Mounting plugin OpenImageDenoise
LogPluginManager: Mounting plugin ProxyLODPlugin
LogPluginManager: Mounting plugin PlanarCut
LogPluginManager: Mounting plugin PlatformCrypto
LogPluginManager: Mounting plugin PythonScriptPlugin
LogPluginManager: Mounting plugin SkeletalReduction
LogPluginManager: Mounting plugin LuminPlatformFeatures
LogPluginManager: Mounting plugin MagicLeap
LogPluginManager: Mounting plugin MagicLeapLightEstimation
LogPluginManager: Mounting plugin MagicLeapMedia
LogPluginManager: Mounting plugin MagicLeapPassableWorld
LogPluginManager: Mounting plugin MLSDK
LogPluginManager: Mounting plugin AndroidMedia
LogPluginManager: Mounting plugin AvfMedia
LogPluginManager: Mounting plugin ImgMedia
LogPluginManager: Mounting plugin MediaCompositing
LogPluginManager: Mounting plugin MediaPlayerEditor
LogPluginManager: Mounting plugin WebMMedia
LogPluginManager: Mounting plugin WmfMedia
LogPluginManager: Mounting plugin TcpMessaging
LogPluginManager: Mounting plugin UdpMessaging
LogPluginManager: Mounting plugin ActorSequence
LogPluginManager: Mounting plugin MatineeToLevelSequence
LogPluginManager: Mounting plugin LevelSequenceEditor
LogPluginManager: Mounting plugin TemplateSequence
LogPluginManager: Mounting plugin OnlineSubsystem
LogPluginManager: Mounting plugin OnlineSubsystemNull
LogPluginManager: Mounting plugin OnlineSubsystemUtils
LogPluginManager: Mounting plugin ActorLayerUtilities
LogPluginManager: Mounting plugin LauncherChunkInstaller
LogPluginManager: Mounting plugin AndroidMoviePlayer
LogPluginManager: Mounting plugin AndroidDeviceProfileSelector
LogPluginManager: Mounting plugin AndroidPermission
LogPluginManager: Mounting plugin AppleMoviePlayer
LogPluginManager: Mounting plugin AppleImageUtils
LogPluginManager: Mounting plugin ArchVisCharacter
LogPluginManager: Mounting plugin AudioCapture
LogPluginManager: Mounting plugin AssetTags
LogPluginManager: Mounting plugin AudioSynesthesia
LogPluginManager: Mounting plugin CableComponent
LogPluginManager: Mounting plugin ChunkDownloader
LogPluginManager: Mounting plugin CustomMeshComponent
LogPluginManager: Mounting plugin EditableMesh
LogPluginManager: Mounting plugin ExampleDeviceProfileSelector
LogPluginManager: Mounting plugin GoogleCloudMessaging
LogPluginManager: Mounting plugin GooglePAD
LogPluginManager: Mounting plugin IOSDeviceProfileSelector
LogPluginManager: Mounting plugin LinuxDeviceProfileSelector
LogPluginManager: Mounting plugin LocationServicesBPLibrary
LogPluginManager: Mounting plugin MobilePatchingUtils
LogPluginManager: Mounting plugin OpenXREyeTracker
LogPluginManager: Mounting plugin OpenXR
LogPluginManager: Mounting plugin OpenXRHandTracking
LogPluginManager: Mounting plugin PhysXVehicles
LogPluginManager: Mounting plugin ScreenshotTools
LogPluginManager: Mounting plugin PostSplashScreen
LogPluginManager: Mounting plugin PropertyAccessEditor
LogPluginManager: Mounting plugin ProceduralMeshComponent
LogPluginManager: Mounting plugin SignificanceManager
LogPluginManager: Mounting plugin RuntimePhysXCooking
LogPluginManager: Mounting plugin SoundFields
LogPluginManager: Mounting plugin Synthesis
LogPluginManager: Mounting plugin WebMMoviePlayer
LogPluginManager: Mounting plugin WindowsMoviePlayer
LogPluginManager: Mounting plugin Takes
LogPluginManager: Mounting plugin ContentBrowserAssetDataSource
LogPluginManager: Mounting plugin ContentBrowserClassDataSource
LogPluginManager: Mounting plugin ContentBrowserFileDataSource
LogPluginManager: Mounting plugin OnlineSubsystemGooglePlay
LogPluginManager: Mounting plugin OnlineSubsystemIOS
LogPluginManager: Mounting plugin OculusVR
LogPluginManager: Mounting plugin SteamVR
PixWinPlugin: PIX capture plugin failed to initialize! Check that the process is launched from PIX.
LogInit: Using libcurl 7.55.1-DEV
LogInit:  - built for x86_64-pc-win32
LogInit:  - supports SSL with OpenSSL/1.1.1
LogInit:  - supports HTTP deflate (compression) using libz 1.2.8
LogInit:  - other features:
LogInit:      CURL_VERSION_SSL
LogInit:      CURL_VERSION_LIBZ
LogInit:      CURL_VERSION_IPV6
LogInit:      CURL_VERSION_ASYNCHDNS
LogInit:      CURL_VERSION_LARGEFILE
LogInit:      CURL_VERSION_IDN
LogInit:  CurlRequestOptions (configurable via config and command line):
LogInit:  - bVerifyPeer = true  - Libcurl will verify peer certificate
LogInit:  - bUseHttpProxy = false  - Libcurl will NOT use HTTP proxy
LogInit:  - bDontReuseConnections = false  - Libcurl will reuse connections
LogInit:  - MaxHostConnections = 16  - Libcurl will limit the number of connections to a host
LogInit:  - LocalHostAddr = Default
LogInit:  - BufferSize = 65536
LogOnline: OSS: Creating online subsystem instance for: NULL
LogInit: WinSock: version 1.1 (2.2), MaxSocks=32767, MaxUdp=65467
LogOnline: OSS: TryLoadSubsystemAndSetDefault: Loaded subsystem for module [NULL]
LogOculusPluginWrapper: OculusPlugin initialized successfully
LogHMD: Failed initializing OVRPlugin 1.59.0
LogInit: Build: ++UE4+Release-4.27-CL-18319896
LogInit: Engine Version: 4.27.2-18319896+++UE4+Release-4.27
LogInit: Compatible Engine Version: 4.27.0-17155196+++UE4+Release-4.27
LogInit: Net CL: 17155196
LogInit: OS: Windows 10 (Release 2009) (), CPU: Intel(R) Core(TM) i5-6200U CPU @ 2.30GHz, GPU: Intel(R) HD Graphics 520
LogInit: Compiled (64-bit): Nov 30 2021 07:12:08
LogInit: Compiled with Visual C++: 19.24.28315.00
LogInit: Build Configuration: Development
LogInit: Branch Name: ++UE4+Release-4.27
LogInit: Command Line: 
LogInit: Base Directory: D:/Program Files/Epic Games/UE_4.27/Engine/Binaries/Win64/
LogInit: Allocator: TBB
LogInit: Installed Engine Build: 1
LogDevObjectVersion: Number of dev versions registered: 29
LogDevObjectVersion:   Dev-Blueprints (B0D832E4-1F89-4F0D-ACCF-7EB736FD4AA2): 10
LogDevObjectVersion:   Dev-Build (E1C64328-A22C-4D53-A36C-8E866417BD8C): 0
LogDevObjectVersion:   Dev-Core (375EC13C-06E4-48FB-B500-84F0262A717E): 4
LogDevObjectVersion:   Dev-Editor (E4B068ED-F494-42E9-A231-DA0B2E46BB41): 40
LogDevObjectVersion:   Dev-Framework (CFFC743F-43B0-4480-9391-14DF171D2073): 37
LogDevObjectVersion:   Dev-Mobile (B02B49B5-BB20-44E9-A304-32B752E40360): 3
LogDevObjectVersion:   Dev-Networking (A4E4105C-59A1-49B5-A7C5-40C4547EDFEE): 0
LogDevObjectVersion:   Dev-Online (39C831C9-5AE6-47DC-9A44-9C173E1C8E7C): 0
LogDevObjectVersion:   Dev-Physics (78F01B33-EBEA-4F98-B9B4-84EACCB95AA2): 14
LogDevObjectVersion:   Dev-Platform (6631380F-2D4D-43E0-8009-CF276956A95A): 0
LogDevObjectVersion:   Dev-Rendering (12F88B9F-8875-4AFC-A67C-D90C383ABD29): 45
LogDevObjectVersion:   Dev-Sequencer (7B5AE74C-D270-4C10-A958-57980B212A5A): 13
LogDevObjectVersion:   Dev-VR (D7296918-1DD6-4BDD-9DE2-64A83CC13884): 3
LogDevObjectVersion:   Dev-LoadTimes (C2A15278-BFE7-4AFE-6C17-90FF531DF755): 1
LogDevObjectVersion:   Private-Geometry (6EACA3D4-40EC-4CC1-B786-8BED09428FC5): 3
LogDevObjectVersion:   Dev-AnimPhys (29E575DD-E0A3-4627-9D10-D276232CDCEA): 17
LogDevObjectVersion:   Dev-Anim (AF43A65D-7FD3-4947-9873-3E8ED9C1BB05): 15
LogDevObjectVersion:   Dev-ReflectionCapture (6B266CEC-1EC7-4B8F-A30B-E4D90942FC07): 1
LogDevObjectVersion:   Dev-Automation (0DF73D61-A23F-47EA-B727-89E90C41499A): 1
LogDevObjectVersion:   FortniteMain (601D1886-AC64-4F84-AA16-D3DE0DEAC7D6): 47
LogDevObjectVersion:   FortniteRelease (E7086368-6B23-4C58-8439-1B7016265E91): 1
LogDevObjectVersion:   Dev-Enterprise (9DFFBCD6-494F-0158-E221-12823C92A888): 10
LogDevObjectVersion:   Dev-Niagara (F2AED0AC-9AFE-416F-8664-AA7FFA26D6FC): 1
LogDevObjectVersion:   Dev-Destruction (174F1F0B-B4C6-45A5-B13F-2EE8D0FB917D): 10
LogDevObjectVersion:   Dev-Physics-Ext (35F94A83-E258-406C-A318-09F59610247C): 41
LogDevObjectVersion:   Dev-PhysicsMaterial-Chaos (B68FC16E-8B1B-42E2-B453-215C058844FE): 1
LogDevObjectVersion:   Dev-CineCamera (B2E18506-4273-CFC2-A54E-F4BB758BBA07): 1
LogDevObjectVersion:   Dev-VirtualProduction (64F58936-FD1B-42BA-BA96-7289D5D0FA4E): 1
LogDevObjectVersion:   Dev-MediaFramework (6F0ED827-A609-4895-9C91-998D90180EA4): 2
LogInit: Presizing for max 25165824 objects, including 0 objects not considered by GC, pre-allocating 0 bytes for permanent pool.
LogConfig: Applying CVar settings from Section [/Script/Engine.StreamingSettings] File [D:/Ultra/UE_Project/Crescent/CrescentTownUE4/Saved/Config/Windows/Engine.ini]
LogConfig: Setting CVar [[s.MinBulkDataSizeForAsyncLoading:131072]]
LogConfig: Setting CVar [[s.AsyncLoadingThreadEnabled:0]]
LogConfig: Setting CVar [[s.EventDrivenLoaderEnabled:1]]
LogConfig: Setting CVar [[s.WarnIfTimeLimitExceeded:0]]
LogConfig: Setting CVar [[s.TimeLimitExceededMultiplier:1.5]]
LogConfig: Setting CVar [[s.TimeLimitExceededMinTime:0.005]]
LogConfig: Setting CVar [[s.UseBackgroundLevelStreaming:1]]
LogConfig: Setting CVar [[s.PriorityAsyncLoadingExtraTime:15.0]]
LogConfig: Setting CVar [[s.LevelStreamingActorsUpdateTimeLimit:5.0]]
LogConfig: Setting CVar [[s.PriorityLevelStreamingActorsUpdateExtraTime:5.0]]
LogConfig: Setting CVar [[s.LevelStreamingComponentsRegistrationGranularity:10]]
LogConfig: Setting CVar [[s.UnregisterComponentsTimeLimit:1.0]]
LogConfig: Setting CVar [[s.LevelStreamingComponentsUnregistrationGranularity:5]]
LogConfig: Setting CVar [[s.FlushStreamingOnExit:1]]
LogInit: Object subsystem initialized
LogConfig: Setting CVar [[con.DebugEarlyDefault:1]]
LogConfig: Setting CVar [[r.setres:1280x720]]
[2022.12.18-08.11.56:138][  0]LogConfig: Setting CVar [[r.VSync:0]]
[2022.12.18-08.11.56:138][  0]LogConfig: Setting CVar [[r.RHICmdBypass:0]]
[2022.12.18-08.11.56:138][  0]LogConfig: Applying CVar settings from Section [/Script/Engine.RendererSettings] File [D:/Ultra/UE_Project/Crescent/CrescentTownUE4/Saved/Config/Windows/Engine.ini]
[2022.12.18-08.11.56:138][  0]LogConfig: Setting CVar [[r.GPUCrashDebugging:0]]
[2022.12.18-08.11.56:139][  0]LogConfig: Applying CVar settings from Section [/Script/Engine.RendererOverrideSettings] File [D:/Ultra/UE_Project/Crescent/CrescentTownUE4/Saved/Config/Windows/Engine.ini]
[2022.12.18-08.11.56:139][  0]LogConfig: Applying CVar settings from Section [/Script/Engine.StreamingSettings] File [D:/Ultra/UE_Project/Crescent/CrescentTownUE4/Saved/Config/Windows/Engine.ini]
[2022.12.18-08.11.56:139][  0]LogConfig: Setting CVar [[s.MinBulkDataSizeForAsyncLoading:131072]]
[2022.12.18-08.11.56:139][  0]LogConfig: Setting CVar [[s.AsyncLoadingThreadEnabled:0]]
[2022.12.18-08.11.56:139][  0]LogConfig: Setting CVar [[s.EventDrivenLoaderEnabled:1]]
[2022.12.18-08.11.56:139][  0]LogConfig: Setting CVar [[s.WarnIfTimeLimitExceeded:0]]
[2022.12.18-08.11.56:139][  0]LogConfig: Setting CVar [[s.TimeLimitExceededMultiplier:1.5]]
[2022.12.18-08.11.56:139][  0]LogConfig: Setting CVar [[s.TimeLimitExceededMinTime:0.005]]
[2022.12.18-08.11.56:139][  0]LogConfig: Setting CVar [[s.UseBackgroundLevelStreaming:1]]
[2022.12.18-08.11.56:139][  0]LogConfig: Setting CVar [[s.PriorityAsyncLoadingExtraTime:15.0]]
[2022.12.18-08.11.56:139][  0]LogConfig: Setting CVar [[s.LevelStreamingActorsUpdateTimeLimit:5.0]]
[2022.12.18-08.11.56:139][  0]LogConfig: Setting CVar [[s.PriorityLevelStreamingActorsUpdateExtraTime:5.0]]
[2022.12.18-08.11.56:139][  0]LogConfig: Setting CVar [[s.LevelStreamingComponentsRegistrationGranularity:10]]
[2022.12.18-08.11.56:139][  0]LogConfig: Setting CVar [[s.UnregisterComponentsTimeLimit:1.0]]
[2022.12.18-08.11.56:139][  0]LogConfig: Setting CVar [[s.LevelStreamingComponentsUnregistrationGranularity:5]]
[2022.12.18-08.11.56:139][  0]LogConfig: Setting CVar [[s.FlushStreamingOnExit:1]]
[2022.12.18-08.11.56:139][  0]LogConfig: Applying CVar settings from Section [/Script/Engine.GarbageCollectionSettings] File [D:/Ultra/UE_Project/Crescent/CrescentTownUE4/Saved/Config/Windows/Engine.ini]
[2022.12.18-08.11.56:139][  0]LogConfig: Setting CVar [[gc.MaxObjectsNotConsideredByGC:1]]
[2022.12.18-08.11.56:139][  0]LogConfig: Setting CVar [[gc.SizeOfPermanentObjectPool:0]]
[2022.12.18-08.11.56:139][  0]LogConfig: Setting CVar [[gc.FlushStreamingOnGC:0]]
[2022.12.18-08.11.56:139][  0]LogConfig: Setting CVar [[gc.NumRetriesBeforeForcingGC:10]]
[2022.12.18-08.11.56:139][  0]LogConfig: Setting CVar [[gc.AllowParallelGC:1]]
[2022.12.18-08.11.56:139][  0]LogConfig: Setting CVar [[gc.TimeBetweenPurgingPendingKillObjects:61.1]]
[2022.12.18-08.11.56:139][  0]LogConfig: Setting CVar [[gc.MaxObjectsInEditor:25165824]]
[2022.12.18-08.11.56:139][  0]LogConfig: Setting CVar [[gc.IncrementalBeginDestroyEnabled:1]]
[2022.12.18-08.11.56:139][  0]LogConfig: Setting CVar [[gc.CreateGCClusters:1]]
[2022.12.18-08.11.56:139][  0]LogConfig: Setting CVar [[gc.MinGCClusterSize:5]]
[2022.12.18-08.11.56:139][  0]LogConfig: Setting CVar [[gc.ActorClusteringEnabled:0]]
[2022.12.18-08.11.56:139][  0]LogConfig: Setting CVar [[gc.BlueprintClusteringEnabled:0]]
[2022.12.18-08.11.56:139][  0]LogConfig: Setting CVar [[gc.UseDisregardForGCOnDedicatedServers:0]]
[2022.12.18-08.11.56:139][  0]LogConfig: Setting CVar [[gc.MultithreadedDestructionEnabled:1]]
[2022.12.18-08.11.56:139][  0]LogConfig: Applying CVar settings from Section [/Script/Engine.NetworkSettings] File [D:/Ultra/UE_Project/Crescent/CrescentTownUE4/Saved/Config/Windows/Engine.ini]
[2022.12.18-08.11.56:139][  0]LogConfig: Applying CVar settings from Section [/Script/UnrealEd.CookerSettings] File [D:/Ultra/UE_Project/Crescent/CrescentTownUE4/Saved/Config/Windows/Engine.ini]
[2022.12.18-08.11.56:147][  0]LogConfig: Applying CVar settings from Section [ViewDistanceQuality@3] File [D:/Ultra/UE_Project/Crescent/CrescentTownUE4/Saved/Config/Windows/Scalability.ini]
[2022.12.18-08.11.56:147][  0]LogConfig: Setting CVar [[r.SkeletalMeshLODBias:0]]
[2022.12.18-08.11.56:147][  0]LogConfig: Setting CVar [[r.ViewDistanceScale:1.0]]
[2022.12.18-08.11.56:147][  0]LogConfig: Applying CVar settings from Section [AntiAliasingQuality@3] File [D:/Ultra/UE_Project/Crescent/CrescentTownUE4/Saved/Config/Windows/Scalability.ini]
[2022.12.18-08.11.56:147][  0]LogConfig: Setting CVar [[r.PostProcessAAQuality:4]]
[2022.12.18-08.11.56:147][  0]LogConfig: Applying CVar settings from Section [ShadowQuality@3] File [D:/Ultra/UE_Project/Crescent/CrescentTownUE4/Saved/Config/Windows/Scalability.ini]
[2022.12.18-08.11.56:147][  0]LogConfig: Setting CVar [[r.LightFunctionQuality:1]]
[2022.12.18-08.11.56:147][  0]LogConfig: Setting CVar [[r.ShadowQuality:5]]
[2022.12.18-08.11.56:147][  0]LogConfig: Setting CVar [[r.Shadow.CSM.MaxCascades:10]]
[2022.12.18-08.11.56:147][  0]LogConfig: Setting CVar [[r.Shadow.MaxResolution:2048]]
[2022.12.18-08.11.56:147][  0]LogConfig: Setting CVar [[r.Shadow.MaxCSMResolution:2048]]
[2022.12.18-08.11.56:147][  0]LogConfig: Setting CVar [[r.Shadow.RadiusThreshold:0.01]]
[2022.12.18-08.11.56:147][  0]LogConfig: Setting CVar [[r.Shadow.DistanceScale:1.0]]
[2022.12.18-08.11.56:147][  0]LogConfig: Setting CVar [[r.Shadow.CSM.TransitionScale:1.0]]
[2022.12.18-08.11.56:147][  0]LogConfig: Setting CVar [[r.Shadow.PreShadowResolutionFactor:1.0]]
[2022.12.18-08.11.56:147][  0]LogConfig: Setting CVar [[r.DistanceFieldShadowing:1]]
[2022.12.18-08.11.56:147][  0]LogConfig: Setting CVar [[r.DistanceFieldAO:1]]
[2022.12.18-08.11.56:147][  0]LogConfig: Setting CVar [[r.AOQuality:2]]
[2022.12.18-08.11.56:147][  0]LogConfig: Setting CVar [[r.VolumetricFog:1]]
[2022.12.18-08.11.56:147][  0]LogConfig: Setting CVar [[r.VolumetricFog.GridPixelSize:8]]
[2022.12.18-08.11.56:148][  0]LogConfig: Setting CVar [[r.VolumetricFog.GridSizeZ:128]]
[2022.12.18-08.11.56:148][  0]LogConfig: Setting CVar [[r.VolumetricFog.HistoryMissSupersampleCount:4]]
[2022.12.18-08.11.56:148][  0]LogConfig: Setting CVar [[r.LightMaxDrawDistanceScale:1]]
[2022.12.18-08.11.56:148][  0]LogConfig: Setting CVar [[r.CapsuleShadows:1]]
[2022.12.18-08.11.56:148][  0]LogConfig: Applying CVar settings from Section [PostProcessQuality@3] File [D:/Ultra/UE_Project/Crescent/CrescentTownUE4/Saved/Config/Windows/Scalability.ini]
[2022.12.18-08.11.56:148][  0]LogConfig: Setting CVar [[r.MotionBlurQuality:4]]
[2022.12.18-08.11.56:148][  0]LogConfig: Setting CVar [[r.AmbientOcclusionMipLevelFactor:0.4]]
[2022.12.18-08.11.56:148][  0]LogConfig: Setting CVar [[r.AmbientOcclusionMaxQuality:100]]
[2022.12.18-08.11.56:148][  0]LogConfig: Setting CVar [[r.AmbientOcclusionLevels:-1]]
[2022.12.18-08.11.56:148][  0]LogConfig: Setting CVar [[r.AmbientOcclusionRadiusScale:1.0]]
[2022.12.18-08.11.56:148][  0]LogConfig: Setting CVar [[r.DepthOfFieldQuality:2]]
[2022.12.18-08.11.56:148][  0]LogConfig: Setting CVar [[r.RenderTargetPoolMin:400]]
[2022.12.18-08.11.56:148][  0]LogConfig: Setting CVar [[r.LensFlareQuality:2]]
[2022.12.18-08.11.56:148][  0]LogConfig: Setting CVar [[r.SceneColorFringeQuality:1]]
[2022.12.18-08.11.56:148][  0]LogConfig: Setting CVar [[r.EyeAdaptationQuality:2]]
[2022.12.18-08.11.56:148][  0]LogConfig: Setting CVar [[r.BloomQuality:5]]
[2022.12.18-08.11.56:148][  0]LogConfig: Setting CVar [[r.FastBlurThreshold:100]]
[2022.12.18-08.11.56:148][  0]LogConfig: Setting CVar [[r.Upscale.Quality:3]]
[2022.12.18-08.11.56:148][  0]LogConfig: Setting CVar [[r.Tonemapper.GrainQuantization:1]]
[2022.12.18-08.11.56:148][  0]LogConfig: Setting CVar [[r.LightShaftQuality:1]]
[2022.12.18-08.11.56:148][  0]LogConfig: Setting CVar [[r.Filter.SizeScale:1]]
[2022.12.18-08.11.56:148][  0]LogConfig: Setting CVar [[r.Tonemapper.Quality:5]]
[2022.12.18-08.11.56:148][  0]LogConfig: Setting CVar [[r.DOF.Gather.AccumulatorQuality:1        ; higher gathering accumulator quality]]
[2022.12.18-08.11.56:148][  0]LogConfig: Setting CVar [[r.DOF.Gather.PostfilterMethod:1          ; Median3x3 postfilering method]]
[2022.12.18-08.11.56:148][  0]LogConfig: Setting CVar [[r.DOF.Gather.EnableBokehSettings:0       ; no bokeh simulation when gathering]]
[2022.12.18-08.11.56:148][  0]LogConfig: Setting CVar [[r.DOF.Gather.RingCount:4                 ; medium number of samples when gathering]]
[2022.12.18-08.11.56:148][  0]LogConfig: Setting CVar [[r.DOF.Scatter.ForegroundCompositing:1    ; additive foreground scattering]]
[2022.12.18-08.11.56:148][  0]LogConfig: Setting CVar [[r.DOF.Scatter.BackgroundCompositing:2    ; additive background scattering]]
[2022.12.18-08.11.56:148][  0]LogConfig: Setting CVar [[r.DOF.Scatter.EnableBokehSettings:1      ; bokeh simulation when scattering]]
[2022.12.18-08.11.56:148][  0]LogConfig: Setting CVar [[r.DOF.Scatter.MaxSpriteRatio:0.1         ; only a maximum of 10% of scattered bokeh]]
[2022.12.18-08.11.56:148][  0]LogConfig: Setting CVar [[r.DOF.Recombine.Quality:1                ; cheap slight out of focus]]
[2022.12.18-08.11.56:148][  0]LogConfig: Setting CVar [[r.DOF.Recombine.EnableBokehSettings:0    ; no bokeh simulation on slight out of focus]]
[2022.12.18-08.11.56:148][  0]LogConfig: Setting CVar [[r.DOF.TemporalAAQuality:1                ; more stable temporal accumulation]]
[2022.12.18-08.11.56:148][  0]LogConfig: Setting CVar [[r.DOF.Kernel.MaxForegroundRadius:0.025]]
[2022.12.18-08.11.56:148][  0]LogConfig: Setting CVar [[r.DOF.Kernel.MaxBackgroundRadius:0.025]]
[2022.12.18-08.11.56:148][  0]LogConfig: Applying CVar settings from Section [TextureQuality@3] File [D:/Ultra/UE_Project/Crescent/CrescentTownUE4/Saved/Config/Windows/Scalability.ini]
[2022.12.18-08.11.56:148][  0]LogConfig: Setting CVar [[r.Streaming.MipBias:0]]
[2022.12.18-08.11.56:148][  0]LogConfig: Setting CVar [[r.Streaming.AmortizeCPUToGPUCopy:0]]
[2022.12.18-08.11.56:148][  0]LogConfig: Setting CVar [[r.Streaming.MaxNumTexturesToStreamPerFrame:0]]
[2022.12.18-08.11.56:148][  0]LogConfig: Setting CVar [[r.Streaming.Boost:1]]
[2022.12.18-08.11.56:148][  0]LogConfig: Setting CVar [[r.MaxAnisotropy:8]]
[2022.12.18-08.11.56:148][  0]LogConfig: Setting CVar [[r.VT.MaxAnisotropy:8]]
[2022.12.18-08.11.56:148][  0]LogConfig: Setting CVar [[r.Streaming.LimitPoolSizeToVRAM:0]]
[2022.12.18-08.11.56:148][  0]LogConfig: Setting CVar [[r.Streaming.PoolSize:1000]]
[2022.12.18-08.11.56:148][  0]LogConfig: Setting CVar [[r.Streaming.MaxEffectiveScreenSize:0]]
[2022.12.18-08.11.56:148][  0]LogConfig: Applying CVar settings from Section [EffectsQuality@3] File [D:/Ultra/UE_Project/Crescent/CrescentTownUE4/Saved/Config/Windows/Scalability.ini]
[2022.12.18-08.11.56:148][  0]LogConfig: Setting CVar [[r.TranslucencyLightingVolumeDim:64]]
[2022.12.18-08.11.56:148][  0]LogConfig: Setting CVar [[r.RefractionQuality:2]]
[2022.12.18-08.11.56:148][  0]LogConfig: Setting CVar [[r.SSR.Quality:3]]
[2022.12.18-08.11.56:148][  0]LogConfig: Setting CVar [[r.SSR.HalfResSceneColor:0]]
[2022.12.18-08.11.56:148][  0]LogConfig: Setting CVar [[r.SceneColorFormat:4]]
[2022.12.18-08.11.56:148][  0]LogConfig: Setting CVar [[r.DetailMode:2]]
[2022.12.18-08.11.56:148][  0]LogConfig: Setting CVar [[r.TranslucencyVolumeBlur:1]]
[2022.12.18-08.11.56:149][  0]LogConfig: Setting CVar [[r.MaterialQualityLevel:1 ; High quality]]
[2022.12.18-08.11.56:149][  0]LogConfig: Setting CVar [[r.AnisotropicMaterials:1]]
[2022.12.18-08.11.56:149][  0]LogConfig: Setting CVar [[r.SSS.Scale:1]]
[2022.12.18-08.11.56:149][  0]LogConfig: Setting CVar [[r.SSS.SampleSet:2]]
[2022.12.18-08.11.56:149][  0]LogConfig: Setting CVar [[r.SSS.Quality:1]]
[2022.12.18-08.11.56:149][  0]LogConfig: Setting CVar [[r.SSS.HalfRes:0]]
[2022.12.18-08.11.56:149][  0]LogConfig: Setting CVar [[r.SSGI.Quality:3]]
[2022.12.18-08.11.56:149][  0]LogConfig: Setting CVar [[r.EmitterSpawnRateScale:1.0]]
[2022.12.18-08.11.56:149][  0]LogConfig: Setting CVar [[r.ParticleLightQuality:2]]
[2022.12.18-08.11.56:149][  0]LogConfig: Setting CVar [[r.SkyAtmosphere.AerialPerspectiveLUT.FastApplyOnOpaque:1 ; Always have FastSkyLUT 1 in this case to avoid wrong sky]]
[2022.12.18-08.11.56:149][  0]LogConfig: Setting CVar [[r.SkyAtmosphere.AerialPerspectiveLUT.SampleCountMaxPerSlice:4]]
[2022.12.18-08.11.56:149][  0]LogConfig: Setting CVar [[r.SkyAtmosphere.AerialPerspectiveLUT.DepthResolution:16.0]]
[2022.12.18-08.11.56:149][  0]LogConfig: Setting CVar [[r.SkyAtmosphere.FastSkyLUT:1]]
[2022.12.18-08.11.56:149][  0]LogConfig: Setting CVar [[r.SkyAtmosphere.FastSkyLUT.SampleCountMin:4.0]]
[2022.12.18-08.11.56:149][  0]LogConfig: Setting CVar [[r.SkyAtmosphere.FastSkyLUT.SampleCountMax:128.0]]
[2022.12.18-08.11.56:149][  0]LogConfig: Setting CVar [[r.SkyAtmosphere.SampleCountMin:4.0]]
[2022.12.18-08.11.56:149][  0]LogConfig: Setting CVar [[r.SkyAtmosphere.SampleCountMax:128.0]]
[2022.12.18-08.11.56:149][  0]LogConfig: Setting CVar [[r.SkyAtmosphere.TransmittanceLUT.UseSmallFormat:0]]
[2022.12.18-08.11.56:149][  0]LogConfig: Setting CVar [[r.SkyAtmosphere.TransmittanceLUT.SampleCount:10.0]]
[2022.12.18-08.11.56:149][  0]LogConfig: Setting CVar [[r.SkyAtmosphere.MultiScatteringLUT.SampleCount:15.0]]
[2022.12.18-08.11.56:149][  0]LogConfig: Setting CVar [[r.SkyLight.RealTimeReflectionCapture:1]]
[2022.12.18-08.11.56:149][  0]LogConfig: Applying CVar settings from Section [FoliageQuality@3] File [D:/Ultra/UE_Project/Crescent/CrescentTownUE4/Saved/Config/Windows/Scalability.ini]
[2022.12.18-08.11.56:149][  0]LogConfig: Setting CVar [[foliage.DensityScale:1.0]]
[2022.12.18-08.11.56:149][  0]LogConfig: Setting CVar [[grass.DensityScale:1.0]]
[2022.12.18-08.11.56:149][  0]LogConfig: Applying CVar settings from Section [ShadingQuality@3] File [D:/Ultra/UE_Project/Crescent/CrescentTownUE4/Saved/Config/Windows/Scalability.ini]
[2022.12.18-08.11.56:149][  0]LogConfig: Setting CVar [[r.HairStrands.SkyLighting.IntegrationType:2]]
[2022.12.18-08.11.56:149][  0]LogConfig: Setting CVar [[r.HairStrands.SkyAO.SampleCount:4]]
[2022.12.18-08.11.56:149][  0]LogConfig: Setting CVar [[r.HairStrands.Visibility.MSAA.SamplePerPixel:4]]
[2022.12.18-08.11.56:149][  0]LogInit: Selected Device Profile: [Windows]
[2022.12.18-08.11.56:149][  0]LogInit: Applying CVar settings loaded from the selected device profile: [Windows]
[2022.12.18-08.11.56:149][  0]LogHAL: Display: Platform has ~ 8 GB [8457711616 / 8589934592 / 8], which maps to Default [LargestMinGB=32, LargerMinGB=12, DefaultMinGB=8, SmallerMinGB=6, SmallestMinGB=0)
[2022.12.18-08.11.56:149][  0]LogInit: Going up to parent DeviceProfile []
[2022.12.18-08.11.56:149][  0]LogConfig: Applying CVar settings from Section [ViewDistanceQuality@3] File [D:/Ultra/UE_Project/Crescent/CrescentTownUE4/Saved/Config/Windows/Scalability.ini]
[2022.12.18-08.11.56:149][  0]LogConfig: Setting CVar [[r.SkeletalMeshLODBias:0]]
[2022.12.18-08.11.56:149][  0]LogConfig: Setting CVar [[r.ViewDistanceScale:1.0]]
[2022.12.18-08.11.56:149][  0]LogConfig: Applying CVar settings from Section [AntiAliasingQuality@3] File [D:/Ultra/UE_Project/Crescent/CrescentTownUE4/Saved/Config/Windows/Scalability.ini]
[2022.12.18-08.11.56:149][  0]LogConfig: Setting CVar [[r.PostProcessAAQuality:4]]
[2022.12.18-08.11.56:149][  0]LogConfig: Applying CVar settings from Section [ShadowQuality@3] File [D:/Ultra/UE_Project/Crescent/CrescentTownUE4/Saved/Config/Windows/Scalability.ini]
[2022.12.18-08.11.56:149][  0]LogConfig: Setting CVar [[r.LightFunctionQuality:1]]
[2022.12.18-08.11.56:149][  0]LogConfig: Setting CVar [[r.ShadowQuality:5]]
[2022.12.18-08.11.56:149][  0]LogConfig: Setting CVar [[r.Shadow.CSM.MaxCascades:10]]
[2022.12.18-08.11.56:149][  0]LogConfig: Setting CVar [[r.Shadow.MaxResolution:2048]]
[2022.12.18-08.11.56:149][  0]LogConfig: Setting CVar [[r.Shadow.MaxCSMResolution:2048]]
[2022.12.18-08.11.56:149][  0]LogConfig: Setting CVar [[r.Shadow.RadiusThreshold:0.01]]
[2022.12.18-08.11.56:149][  0]LogConfig: Setting CVar [[r.Shadow.DistanceScale:1.0]]
[2022.12.18-08.11.56:149][  0]LogConfig: Setting CVar [[r.Shadow.CSM.TransitionScale:1.0]]
[2022.12.18-08.11.56:150][  0]LogConfig: Setting CVar [[r.Shadow.PreShadowResolutionFactor:1.0]]
[2022.12.18-08.11.56:150][  0]LogConfig: Setting CVar [[r.DistanceFieldShadowing:1]]
[2022.12.18-08.11.56:150][  0]LogConfig: Setting CVar [[r.DistanceFieldAO:1]]
[2022.12.18-08.11.56:150][  0]LogConfig: Setting CVar [[r.AOQuality:2]]
[2022.12.18-08.11.56:150][  0]LogConfig: Setting CVar [[r.VolumetricFog:1]]
[2022.12.18-08.11.56:150][  0]LogConfig: Setting CVar [[r.VolumetricFog.GridPixelSize:8]]
[2022.12.18-08.11.56:150][  0]LogConfig: Setting CVar [[r.VolumetricFog.GridSizeZ:128]]
[2022.12.18-08.11.56:150][  0]LogConfig: Setting CVar [[r.VolumetricFog.HistoryMissSupersampleCount:4]]
[2022.12.18-08.11.56:150][  0]LogConfig: Setting CVar [[r.LightMaxDrawDistanceScale:1]]
[2022.12.18-08.11.56:150][  0]LogConfig: Setting CVar [[r.CapsuleShadows:1]]
[2022.12.18-08.11.56:150][  0]LogConfig: Applying CVar settings from Section [PostProcessQuality@3] File [D:/Ultra/UE_Project/Crescent/CrescentTownUE4/Saved/Config/Windows/Scalability.ini]
[2022.12.18-08.11.56:150][  0]LogConfig: Setting CVar [[r.MotionBlurQuality:4]]
[2022.12.18-08.11.56:150][  0]LogConfig: Setting CVar [[r.AmbientOcclusionMipLevelFactor:0.4]]
[2022.12.18-08.11.56:150][  0]LogConfig: Setting CVar [[r.AmbientOcclusionMaxQuality:100]]
[2022.12.18-08.11.56:150][  0]LogConfig: Setting CVar [[r.AmbientOcclusionLevels:-1]]
[2022.12.18-08.11.56:150][  0]LogConfig: Setting CVar [[r.AmbientOcclusionRadiusScale:1.0]]
[2022.12.18-08.11.56:150][  0]LogConfig: Setting CVar [[r.DepthOfFieldQuality:2]]
[2022.12.18-08.11.56:150][  0]LogConfig: Setting CVar [[r.RenderTargetPoolMin:400]]
[2022.12.18-08.11.56:150][  0]LogConfig: Setting CVar [[r.LensFlareQuality:2]]
[2022.12.18-08.11.56:150][  0]LogConfig: Setting CVar [[r.SceneColorFringeQuality:1]]
[2022.12.18-08.11.56:150][  0]LogConfig: Setting CVar [[r.EyeAdaptationQuality:2]]
[2022.12.18-08.11.56:150][  0]LogConfig: Setting CVar [[r.BloomQuality:5]]
[2022.12.18-08.11.56:150][  0]LogConfig: Setting CVar [[r.FastBlurThreshold:100]]
[2022.12.18-08.11.56:150][  0]LogConfig: Setting CVar [[r.Upscale.Quality:3]]
[2022.12.18-08.11.56:150][  0]LogConfig: Setting CVar [[r.Tonemapper.GrainQuantization:1]]
[2022.12.18-08.11.56:150][  0]LogConfig: Setting CVar [[r.LightShaftQuality:1]]
[2022.12.18-08.11.56:150][  0]LogConfig: Setting CVar [[r.Filter.SizeScale:1]]
[2022.12.18-08.11.56:150][  0]LogConfig: Setting CVar [[r.Tonemapper.Quality:5]]
[2022.12.18-08.11.56:150][  0]LogConfig: Setting CVar [[r.DOF.Gather.AccumulatorQuality:1        ; higher gathering accumulator quality]]
[2022.12.18-08.11.56:150][  0]LogConfig: Setting CVar [[r.DOF.Gather.PostfilterMethod:1          ; Median3x3 postfilering method]]
[2022.12.18-08.11.56:150][  0]LogConfig: Setting CVar [[r.DOF.Gather.EnableBokehSettings:0       ; no bokeh simulation when gathering]]
[2022.12.18-08.11.56:150][  0]LogConfig: Setting CVar [[r.DOF.Gather.RingCount:4                 ; medium number of samples when gathering]]
[2022.12.18-08.11.56:150][  0]LogConfig: Setting CVar [[r.DOF.Scatter.ForegroundCompositing:1    ; additive foreground scattering]]
[2022.12.18-08.11.56:150][  0]LogConfig: Setting CVar [[r.DOF.Scatter.BackgroundCompositing:2    ; additive background scattering]]
[2022.12.18-08.11.56:150][  0]LogConfig: Setting CVar [[r.DOF.Scatter.EnableBokehSettings:1      ; bokeh simulation when scattering]]
[2022.12.18-08.11.56:150][  0]LogConfig: Setting CVar [[r.DOF.Scatter.MaxSpriteRatio:0.1         ; only a maximum of 10% of scattered bokeh]]
[2022.12.18-08.11.56:150][  0]LogConfig: Setting CVar [[r.DOF.Recombine.Quality:1                ; cheap slight out of focus]]
[2022.12.18-08.11.56:150][  0]LogConfig: Setting CVar [[r.DOF.Recombine.EnableBokehSettings:0    ; no bokeh simulation on slight out of focus]]
[2022.12.18-08.11.56:150][  0]LogConfig: Setting CVar [[r.DOF.TemporalAAQuality:1                ; more stable temporal accumulation]]
[2022.12.18-08.11.56:150][  0]LogConfig: Setting CVar [[r.DOF.Kernel.MaxForegroundRadius:0.025]]
[2022.12.18-08.11.56:150][  0]LogConfig: Setting CVar [[r.DOF.Kernel.MaxBackgroundRadius:0.025]]
[2022.12.18-08.11.56:150][  0]LogConfig: Applying CVar settings from Section [TextureQuality@3] File [D:/Ultra/UE_Project/Crescent/CrescentTownUE4/Saved/Config/Windows/Scalability.ini]
[2022.12.18-08.11.56:150][  0]LogConfig: Setting CVar [[r.Streaming.MipBias:0]]
[2022.12.18-08.11.56:150][  0]LogConfig: Setting CVar [[r.Streaming.AmortizeCPUToGPUCopy:0]]
[2022.12.18-08.11.56:150][  0]LogConfig: Setting CVar [[r.Streaming.MaxNumTexturesToStreamPerFrame:0]]
[2022.12.18-08.11.56:150][  0]LogConfig: Setting CVar [[r.Streaming.Boost:1]]
[2022.12.18-08.11.56:150][  0]LogConfig: Setting CVar [[r.MaxAnisotropy:8]]
[2022.12.18-08.11.56:150][  0]LogConfig: Setting CVar [[r.VT.MaxAnisotropy:8]]
[2022.12.18-08.11.56:150][  0]LogConfig: Setting CVar [[r.Streaming.LimitPoolSizeToVRAM:0]]
[2022.12.18-08.11.56:150][  0]LogConfig: Setting CVar [[r.Streaming.PoolSize:1000]]
[2022.12.18-08.11.56:150][  0]LogConfig: Setting CVar [[r.Streaming.MaxEffectiveScreenSize:0]]
[2022.12.18-08.11.56:150][  0]LogConfig: Applying CVar settings from Section [EffectsQuality@3] File [D:/Ultra/UE_Project/Crescent/CrescentTownUE4/Saved/Config/Windows/Scalability.ini]
[2022.12.18-08.11.56:150][  0]LogConfig: Setting CVar [[r.TranslucencyLightingVolumeDim:64]]
[2022.12.18-08.11.56:150][  0]LogConfig: Setting CVar [[r.RefractionQuality:2]]
[2022.12.18-08.11.56:151][  0]LogConfig: Setting CVar [[r.SSR.Quality:3]]
[2022.12.18-08.11.56:151][  0]LogConfig: Setting CVar [[r.SSR.HalfResSceneColor:0]]
[2022.12.18-08.11.56:151][  0]LogConfig: Setting CVar [[r.SceneColorFormat:4]]
[2022.12.18-08.11.56:151][  0]LogConfig: Setting CVar [[r.DetailMode:2]]
[2022.12.18-08.11.56:151][  0]LogConfig: Setting CVar [[r.TranslucencyVolumeBlur:1]]
[2022.12.18-08.11.56:151][  0]LogConfig: Setting CVar [[r.MaterialQualityLevel:1 ; High quality]]
[2022.12.18-08.11.56:151][  0]LogConfig: Setting CVar [[r.AnisotropicMaterials:1]]
[2022.12.18-08.11.56:151][  0]LogConfig: Setting CVar [[r.SSS.Scale:1]]
[2022.12.18-08.11.56:151][  0]LogConfig: Setting CVar [[r.SSS.SampleSet:2]]
[2022.12.18-08.11.56:151][  0]LogConfig: Setting CVar [[r.SSS.Quality:1]]
[2022.12.18-08.11.56:151][  0]LogConfig: Setting CVar [[r.SSS.HalfRes:0]]
[2022.12.18-08.11.56:151][  0]LogConfig: Setting CVar [[r.SSGI.Quality:3]]
[2022.12.18-08.11.56:151][  0]LogConfig: Setting CVar [[r.EmitterSpawnRateScale:1.0]]
[2022.12.18-08.11.56:151][  0]LogConfig: Setting CVar [[r.ParticleLightQuality:2]]
[2022.12.18-08.11.56:151][  0]LogConfig: Setting CVar [[r.SkyAtmosphere.AerialPerspectiveLUT.FastApplyOnOpaque:1 ; Always have FastSkyLUT 1 in this case to avoid wrong sky]]
[2022.12.18-08.11.56:151][  0]LogConfig: Setting CVar [[r.SkyAtmosphere.AerialPerspectiveLUT.SampleCountMaxPerSlice:4]]
[2022.12.18-08.11.56:151][  0]LogConfig: Setting CVar [[r.SkyAtmosphere.AerialPerspectiveLUT.DepthResolution:16.0]]
[2022.12.18-08.11.56:151][  0]LogConfig: Setting CVar [[r.SkyAtmosphere.FastSkyLUT:1]]
[2022.12.18-08.11.56:151][  0]LogConfig: Setting CVar [[r.SkyAtmosphere.FastSkyLUT.SampleCountMin:4.0]]
[2022.12.18-08.11.56:151][  0]LogConfig: Setting CVar [[r.SkyAtmosphere.FastSkyLUT.SampleCountMax:128.0]]
[2022.12.18-08.11.56:151][  0]LogConfig: Setting CVar [[r.SkyAtmosphere.SampleCountMin:4.0]]
[2022.12.18-08.11.56:151][  0]LogConfig: Setting CVar [[r.SkyAtmosphere.SampleCountMax:128.0]]
[2022.12.18-08.11.56:151][  0]LogConfig: Setting CVar [[r.SkyAtmosphere.TransmittanceLUT.UseSmallFormat:0]]
[2022.12.18-08.11.56:151][  0]LogConfig: Setting CVar [[r.SkyAtmosphere.TransmittanceLUT.SampleCount:10.0]]
[2022.12.18-08.11.56:151][  0]LogConfig: Setting CVar [[r.SkyAtmosphere.MultiScatteringLUT.SampleCount:15.0]]
[2022.12.18-08.11.56:151][  0]LogConfig: Setting CVar [[r.SkyLight.RealTimeReflectionCapture:1]]
[2022.12.18-08.11.56:151][  0]LogConfig: Applying CVar settings from Section [FoliageQuality@3] File [D:/Ultra/UE_Project/Crescent/CrescentTownUE4/Saved/Config/Windows/Scalability.ini]
[2022.12.18-08.11.56:151][  0]LogConfig: Setting CVar [[foliage.DensityScale:1.0]]
[2022.12.18-08.11.56:151][  0]LogConfig: Setting CVar [[grass.DensityScale:1.0]]
[2022.12.18-08.11.56:151][  0]LogConfig: Applying CVar settings from Section [ShadingQuality@3] File [D:/Ultra/UE_Project/Crescent/CrescentTownUE4/Saved/Config/Windows/Scalability.ini]
[2022.12.18-08.11.56:151][  0]LogConfig: Setting CVar [[r.HairStrands.SkyLighting.IntegrationType:2]]
[2022.12.18-08.11.56:151][  0]LogConfig: Setting CVar [[r.HairStrands.SkyAO.SampleCount:4]]
[2022.12.18-08.11.56:151][  0]LogConfig: Setting CVar [[r.HairStrands.Visibility.MSAA.SamplePerPixel:4]]
[2022.12.18-08.11.56:151][  0]LogConfig: Applying CVar settings from Section [Startup] File [../../../Engine/Config/ConsoleVariables.ini]
[2022.12.18-08.11.56:152][  0]LogConfig: Setting CVar [[net.UseAdaptiveNetUpdateFrequency:0]]
[2022.12.18-08.11.56:152][  0]LogConfig: Setting CVar [[p.chaos.AllowCreatePhysxBodies:1]]
[2022.12.18-08.11.56:152][  0]LogConfig: Setting CVar [[fx.SkipVectorVMBackendOptimizations:1]]
[2022.12.18-08.11.56:152][  0]LogConfig: Applying CVar settings from Section [ConsoleVariables] File [D:/Ultra/UE_Project/Crescent/CrescentTownUE4/Saved/Config/Windows/Engine.ini]
[2022.12.18-08.11.56:152][  0]LogConfig: Applying CVar settings from Section [ConsoleVariables] File [D:/Ultra/UE_Project/Crescent/CrescentTownUE4/Saved/Config/Windows/Editor.ini]
[2022.12.18-08.11.56:152][  0]LogInit: Computer: DESKTOP-FALMBIQ
[2022.12.18-08.11.56:152][  0]LogInit: User: User
[2022.12.18-08.11.56:152][  0]LogInit: CPU Page size=4096, Cores=2
[2022.12.18-08.11.56:152][  0]LogInit: High frequency timer resolution =10.000000 MHz
[2022.12.18-08.11.56:152][  0]LogMemory: Memory total: Physical=7.9GB (8GB approx)
[2022.12.18-08.11.56:152][  0]LogMemory: Platform Memory Stats for Windows
[2022.12.18-08.11.56:152][  0]LogMemory: Process Physical Memory: 140.50 MB used, 140.51 MB peak
[2022.12.18-08.11.56:152][  0]LogMemory: Process Virtual Memory: 114.81 MB used, 114.81 MB peak
[2022.12.18-08.11.56:152][  0]LogMemory: Physical Memory: 4044.51 MB used,  4021.39 MB free, 8065.90 MB total
[2022.12.18-08.11.56:152][  0]LogMemory: Virtual Memory: 134212728.00 MB used,  5003.11 MB free, 134217728.00 MB total
[2022.12.18-08.11.56:159][  0]LogWindows: WindowsPlatformFeatures enabled
[2022.12.18-08.11.56:224][  0]LogInit: Physics initialised using underlying interface: PhysX
[2022.12.18-08.11.56:225][  0]LogInit: Using OS detected language (en-US).
[2022.12.18-08.11.56:225][  0]LogInit: Using OS detected locale (en-US).
[2022.12.18-08.11.56:228][  0]LogTextLocalizationManager: No specific localization for 'en-US' exists, so the 'en' localization will be used.
[2022.12.18-08.11.56:507][  0]LogInit: Setting process to per monitor DPI aware
[2022.12.18-08.11.56:527][  0]LogWindowsTextInputMethodSystem: Display: IME system deactivated.
[2022.12.18-08.11.56:548][  0]LogSlate: New Slate User Created.  User Index 0, Is Virtual User: 0
[2022.12.18-08.11.56:548][  0]LogSlate: Slate User Registered.  User Index 0, Is Virtual User: 0
[2022.12.18-08.11.56:762][  0]LogD3D11RHI: Loaded GFSDK_Aftermath_Lib.x64.dll
[2022.12.18-08.11.56:842][  0]LogHMD: Failed to initialize OpenVR with code 110
[2022.12.18-08.11.56:842][  0]LogD3D11RHI: D3D11 min allowed feature level: 11_0
[2022.12.18-08.11.56:842][  0]LogD3D11RHI: D3D11 max allowed feature level: 11_0
[2022.12.18-08.11.56:842][  0]LogD3D11RHI: D3D11 adapters:
[2022.12.18-08.11.57:344][  0]LogD3D11RHI:    0. 'NVIDIA GeForce 940MX' (Feature Level 11_0)
[2022.12.18-08.11.57:345][  0]LogD3D11RHI:       2008/0/4032 MB DedicatedVideo/DedicatedSystem/SharedSystem, Outputs:1, VendorId:0x10de
[2022.12.18-08.11.57:389][  0]LogD3D11RHI:    1. 'Intel(R) HD Graphics 520' (Feature Level 11_0)
[2022.12.18-08.11.57:389][  0]LogD3D11RHI:       128/0/4032 MB DedicatedVideo/DedicatedSystem/SharedSystem, Outputs:0, VendorId:0x8086
[2022.12.18-08.11.57:392][  0]LogD3D11RHI:    2. 'Microsoft Basic Render Driver' (Feature Level 11_0)
[2022.12.18-08.11.57:392][  0]LogD3D11RHI:       0/0/4032 MB DedicatedVideo/DedicatedSystem/SharedSystem, Outputs:0, VendorId:0x1414
[2022.12.18-08.11.57:392][  0]LogD3D11RHI: Chosen D3D11 Adapter:
[2022.12.18-08.11.57:392][  0]LogD3D11RHI:     Description : NVIDIA GeForce 940MX
[2022.12.18-08.11.57:392][  0]LogD3D11RHI:     VendorId    : 10de
[2022.12.18-08.11.57:392][  0]LogD3D11RHI:     DeviceId    : 179c
[2022.12.18-08.11.57:392][  0]LogD3D11RHI:     SubSysId    : 110f1025
[2022.12.18-08.11.57:392][  0]LogD3D11RHI:     Revision    : 00a2
[2022.12.18-08.11.57:392][  0]LogD3D11RHI:     DedicatedVideoMemory : 2106064896 bytes
[2022.12.18-08.11.57:392][  0]LogD3D11RHI:     DedicatedSystemMemory : 0 bytes
[2022.12.18-08.11.57:392][  0]LogD3D11RHI:     SharedSystemMemory : 4228855808 bytes
[2022.12.18-08.11.57:392][  0]LogD3D11RHI:     AdapterLuid : 0 69439
[2022.12.18-08.11.57:399][  0]LogD3D11RHI: Creating new Direct3DDevice
[2022.12.18-08.11.57:399][  0]LogD3D11RHI:     GPU DeviceId: 0x179c (for the marketing name, search the web for "GPU Device Id")
[2022.12.18-08.11.57:399][  0]LogWindows: EnumDisplayDevices:
[2022.12.18-08.11.57:400][  0]LogWindows:    0. 'Intel(R) HD Graphics 520' (P:1 D:1)
[2022.12.18-08.11.57:400][  0]LogWindows:    1. 'Intel(R) HD Graphics 520' (P:0 D:0)
[2022.12.18-08.11.57:400][  0]LogWindows:    2. 'Intel(R) HD Graphics 520' (P:0 D:0)
[2022.12.18-08.11.57:400][  0]LogWindows: DebugString: PrimaryIsNotTheChoosenAdapter PrimaryIsNotTheChoosenAdapter PrimaryIsNotTheChoosenAdapter FoundDriverCount:0 
[2022.12.18-08.11.57:400][  0]LogD3D11RHI:     Adapter Name: NVIDIA GeForce 940MX
[2022.12.18-08.11.57:400][  0]LogD3D11RHI:   Driver Version: Unknown (internal:Unknown, unified:Unknown)
[2022.12.18-08.11.57:401][  0]LogD3D11RHI:      Driver Date: Unknown
[2022.12.18-08.11.57:401][  0]LogRHI: Texture pool is 1405 MB (70% of 2008 MB)
[2022.12.18-08.11.57:401][  0]LogD3D11RHI: Creating D3DDevice using adapter:
[2022.12.18-08.11.57:401][  0]LogD3D11RHI:     Description : NVIDIA GeForce 940MX
[2022.12.18-08.11.57:401][  0]LogD3D11RHI:     VendorId    : 10de
[2022.12.18-08.11.57:401][  0]LogD3D11RHI:     DeviceId    : 179c
[2022.12.18-08.11.57:401][  0]LogD3D11RHI:     SubSysId    : 110f1025
[2022.12.18-08.11.57:401][  0]LogD3D11RHI:     Revision    : 00a2
[2022.12.18-08.11.57:401][  0]LogD3D11RHI:     DedicatedVideoMemory : 2106064896 bytes
[2022.12.18-08.11.57:401][  0]LogD3D11RHI:     DedicatedSystemMemory : 0 bytes
[2022.12.18-08.11.57:401][  0]LogD3D11RHI:     SharedSystemMemory : 4228855808 bytes
[2022.12.18-08.11.57:401][  0]LogD3D11RHI:     AdapterLuid : 0 69439
[2022.12.18-08.11.57:503][  0]LogD3D11RHI: RHI has support for 64 bit atomics
[2022.12.18-08.11.57:503][  0]LogD3D11RHI: Async texture creation enabled
[2022.12.18-08.11.57:525][  0]LogD3D11RHI: GPU Timing Frequency: 1000.000000 (Debug: 2 1)
[2022.12.18-08.11.57:592][  0]LogRHI: GeForceNow SDK initialized: 1
[2022.12.18-08.11.58:094][  0]LogTargetPlatformManager: Display: Loaded TargetPlatform 'AllDesktop'
[2022.12.18-08.11.58:126][  0]LogTargetPlatformManager: Display: Loaded TargetPlatform 'Android'
[2022.12.18-08.11.58:126][  0]LogTargetPlatformManager: Display: Loaded TargetPlatform 'Android_ASTC'
[2022.12.18-08.11.58:126][  0]LogTargetPlatformManager: Display: Loaded TargetPlatform 'Android_DXT'
[2022.12.18-08.11.58:126][  0]LogTargetPlatformManager: Display: Loaded TargetPlatform 'Android_ETC2'
[2022.12.18-08.11.58:126][  0]LogTargetPlatformManager: Display: Loaded TargetPlatform 'AndroidClient'
[2022.12.18-08.11.58:126][  0]LogTargetPlatformManager: Display: Loaded TargetPlatform 'Android_ASTCClient'
[2022.12.18-08.11.58:126][  0]LogTargetPlatformManager: Display: Loaded TargetPlatform 'Android_DXTClient'
[2022.12.18-08.11.58:126][  0]LogTargetPlatformManager: Display: Loaded TargetPlatform 'Android_ETC2Client'
[2022.12.18-08.11.58:126][  0]LogTargetPlatformManager: Display: Loaded TargetPlatform 'Android_Multi'
[2022.12.18-08.11.58:126][  0]LogTargetPlatformManager: Display: Loaded TargetPlatform 'Android_MultiClient'
[2022.12.18-08.11.58:150][  0]LogTargetPlatformManager: Display: Loaded TargetPlatform 'IOSClient'
[2022.12.18-08.11.58:150][  0]LogTargetPlatformManager: Display: Loaded TargetPlatform 'IOS'
[2022.12.18-08.11.58:164][  0]LogTargetPlatformManager: Display: Loaded TargetPlatform 'Linux'
[2022.12.18-08.11.58:169][  0]LogTargetPlatformManager: Display: Loaded TargetPlatform 'LinuxNoEditor'
[2022.12.18-08.11.58:175][  0]LogTargetPlatformManager: Display: Loaded TargetPlatform 'LinuxClient'
[2022.12.18-08.11.58:181][  0]LogTargetPlatformManager: Display: Loaded TargetPlatform 'LinuxServer'
[2022.12.18-08.11.58:194][  0]LogTargetPlatformManager: Display: Loaded TargetPlatform 'LinuxAArch64NoEditor'
[2022.12.18-08.11.58:200][  0]LogTargetPlatformManager: Display: Loaded TargetPlatform 'LinuxAArch64Client'
[2022.12.18-08.11.58:205][  0]LogTargetPlatformManager: Display: Loaded TargetPlatform 'LinuxAArch64Server'
[2022.12.18-08.11.58:246][  0]LogTargetPlatformManager: Display: Loaded TargetPlatform 'Lumin'
[2022.12.18-08.11.58:246][  0]LogTargetPlatformManager: Display: Loaded TargetPlatform 'LuminClient'
[2022.12.18-08.11.58:258][  0]LogTargetPlatformManager: Display: Loaded TargetPlatform 'MacNoEditor'
[2022.12.18-08.11.58:264][  0]LogTargetPlatformManager: Display: Loaded TargetPlatform 'Mac'
[2022.12.18-08.11.58:268][  0]LogTargetPlatformManager: Display: Loaded TargetPlatform 'MacClient'
[2022.12.18-08.11.58:273][  0]LogTargetPlatformManager: Display: Loaded TargetPlatform 'MacServer'
[2022.12.18-08.11.58:288][  0]LogTargetPlatformManager: Display: Loaded TargetPlatform 'TVOSClient'
[2022.12.18-08.11.58:288][  0]LogTargetPlatformManager: Display: Loaded TargetPlatform 'TVOS'
[2022.12.18-08.11.58:303][  0]LogTargetPlatformManager: Display: Loaded TargetPlatform 'WindowsNoEditor'
[2022.12.18-08.11.58:309][  0]LogTargetPlatformManager: Display: Loaded TargetPlatform 'Windows'
[2022.12.18-08.11.58:315][  0]LogTargetPlatformManager: Display: Loaded TargetPlatform 'WindowsClient'
[2022.12.18-08.11.58:321][  0]LogTargetPlatformManager: Display: Loaded TargetPlatform 'WindowsServer'
[2022.12.18-08.11.58:321][  0]LogTargetPlatformManager: Display: Building Assets For Windows
[2022.12.18-08.11.58:330][  0]LogAudioDebug: Display: Lib vorbis DLL was dynamically loaded.
[2022.12.18-08.11.58:367][  0]LogTextureFormatOodle: Display: Oodle Texture 2.9.0 init RDO Off
[2022.12.18-08.11.58:406][  0]LogRendererCore: Ray tracing is disabled. Reason: r.RayTracing=0.
[2022.12.18-08.11.58:406][  0]LogShaderCompilers: Guid format shader working directory is -15 characters bigger than the processId version (../../../../../../Ultra/UE_Project/Crescent/CrescentTownUE4/Intermediate/Shaders/WorkingDirectory/15212/).
[2022.12.18-08.11.58:406][  0]LogShaderCompilers: Cleaned the shader compiler working directory 'C:/Users/User/AppData/Local/Temp/UnrealShaderWorkingDir/F4A8AB1047354282F8328DBAEAC33C83/'.
[2022.12.18-08.11.58:406][  0]LogXGEController: Cannot use XGE Controller as Incredibuild is not installed on this machine.
[2022.12.18-08.11.58:406][  0]LogShaderCompilers: Cannot use XGE Shader Compiler as Incredibuild is not installed on this machine.
[2022.12.18-08.11.58:406][  0]LogShaderCompilers: Display: Using Local Shader Compiler.
[2022.12.18-08.11.59:488][  0]LogDerivedDataCache: Display: Max Cache Size: 512 MB
[2022.12.18-08.11.59:565][  0]LogDerivedDataCache: Loaded boot cache 0.08s 94MB C:/Users/User/AppData/Local/UnrealEngine/4.27/DerivedDataCache/Boot.ddc.
[2022.12.18-08.11.59:565][  0]LogDerivedDataCache: Display: Loaded Boot cache: C:/Users/User/AppData/Local/UnrealEngine/4.27/DerivedDataCache/Boot.ddc
[2022.12.18-08.11.59:565][  0]LogDerivedDataCache: FDerivedDataBackendGraph:  Pak pak cache file ../../../../../../Ultra/UE_Project/Crescent/CrescentTownUE4/DerivedDataCache/DDC.ddp not found, will not use a pak cache.
[2022.12.18-08.11.59:565][  0]LogDerivedDataCache: Unable to find inner node Pak for hierarchical cache Hierarchy.
[2022.12.18-08.11.59:566][  0]LogDerivedDataCache: FDerivedDataBackendGraph:  CompressedPak pak cache file ../../../../../../Ultra/UE_Project/Crescent/CrescentTownUE4/DerivedDataCache/Compressed.ddp not found, will not use a pak cache.
[2022.12.18-08.11.59:566][  0]LogDerivedDataCache: Unable to find inner node CompressedPak for hierarchical cache Hierarchy.
[2022.12.18-08.11.59:591][  0]LogDerivedDataCache: Display: Pak cache opened for reading ../../../Engine/DerivedDataCache/Compressed.ddp.
[2022.12.18-08.11.59:591][  0]LogDerivedDataCache: FDerivedDataBackendGraph:  EnterprisePak pak cache file ../../../Enterprise/DerivedDataCache/Compressed.ddp not found, will not use a pak cache.
[2022.12.18-08.11.59:591][  0]LogDerivedDataCache: Unable to find inner node EnterprisePak for hierarchical cache Hierarchy.
[2022.12.18-08.11.59:611][  0]LogDerivedDataCache: Speed tests for C:/Users/User/AppData/Local/UnrealEngine/Common/DerivedDataCache took 0.02 seconds
[2022.12.18-08.11.59:611][  0]LogDerivedDataCache: Display: Performance to C:/Users/User/AppData/Local/UnrealEngine/Common/DerivedDataCache: Latency=0.04ms. RandomReadSpeed=119.32MBs, RandomWriteSpeed=85.40MBs. Assigned SpeedClass 'Local'
[2022.12.18-08.11.59:612][  0]LogDerivedDataCache: Using Local data cache path C:/Users/User/AppData/Local/UnrealEngine/Common/DerivedDataCache: Writable
[2022.12.18-08.11.59:612][  0]LogDerivedDataCache: Shared data cache path not found in *engine.ini, will not use an Shared cache.
[2022.12.18-08.11.59:612][  0]LogDerivedDataCache: Unable to find inner node Shared for hierarchical cache Hierarchy.
[2022.12.18-08.11.59:689][  0]LogSlate: Using FreeType 2.10.0
[2022.12.18-08.11.59:689][  0]LogSlate: SlateFontServices - WITH_FREETYPE: 1, WITH_HARFBUZZ: 1
[2022.12.18-08.11.59:733][  0]LogAssetRegistry: FAssetRegistry took 0.0041 seconds to start up
[2022.12.18-08.12.00:125][  0]LogInit: Selected Device Profile: [Windows]
[2022.12.18-08.12.00:126][  0]LogInit: Active device profile: [000002848CA54900][000002848581EFC0 49] Windows
[2022.12.18-08.12.00:126][  0]LogInit: Profiles: [000002848CA54900][000002848581EFC0 49] Windows, [000002848CA33800][000002848B8DD140 49] WindowsNoEditor, [000002848CA57500][000002848B8E12C0 49] WindowsServer, [000002848CA30E00][000002848B8E5440 49] WindowsClient, [000002848CA57800][000002848B8E95C0 49] IOS, [000002848CA32800][000002848B8ED740 49] iPadAir, [000002848CA56000][000002848B8F18C0 49] iPadAir2, [000002848C9D8A00][000002848B8F9B80 49] IPadPro, [000002848C9D8B00][000002848B8F5BC0 49] iPadAir3, [000002848CA31700][000002848B8FC1C0 49] iPadAir4, [000002848C9DB400][000002848B900340 49] iPadMini2, [000002848CA32A00][000002848B9044C0 49] iPadMini3, [000002848C9D9700][0000028483996640 49] iPadMini4, [000002848CA54F00][000002848399A7C0 49] iPadMini5, [000002848C9F8300][00000284839A2A80 49] iPhone6, [000002848C9F8400][000002848399EAC0 49] iPodTouch6, [000002848C9DB600][000002848B8D8D40 49] iPhone7, [000002848C9D9800][00000284839A6D80 49] iPodTouch7, [000002848C9FBF00][00000284839AAEC0 49] iPhone5S, [000002848CA32300][00000284839B7000 49] iPhone6Plus, [000002848C9D8200][00000284839CD140 49] iPhone6S, [000002848CA32200][00000284851312C0 49] iPhone6SPlus, [000002848C9DBC00][0000028485135440 49] iPhone7Plus, [000002848CA33D00][00000284851415C0 49] iPhoneSE, [000002848C9DB500][000002848BA9F740 49] iPhone8, [000002848CA31E00][000002848BAC38C0 49] iPhone8Plus, [000002848C9DA600][000002848BAC7A40 49] iPhoneX, [000002848CA32500][000002848BACBBC0 49] iPhoneXS, [000002848C9DA000][000002848D2E61C0 49] iPhoneXSMax, [000002848CA33A00][000002848D2EA340 49] iPhoneXR, [000002848C9DB700][000002848BE504C0 49] iPhone11, [000002848CA30D00][000002848BEC2640 49] iPhone11Pro, [000002848C9DB800][000002848BEC67C0 49] iPhone11ProMax, [000002848CA30F00][000002848BECA940 49] iPhoneSE2, [000002848C9DAE00][000002848BEDCAC0 49] iPhone12Mini, [000002848CA32700][00000284893D2C40 49] iPhone12, [000002848C9D9100][0000028489406DC0 49] iPhone12Pro, [000002848CA33600][000002848941AF40 49] iPhone12ProMax, [000002848C9DA300][00000284839D1080 49] iPadPro105, [000002848CA30C00][000002848941F1C0 49] iPadPro129, [000002848C9DB300][000002848B887300 49] iPadPro97, [000002848CA31F00][0000028489447480 49] iPadPro2_129, [000002848C9D9400][000002848944B600 49] iPad5, [000002848CA33400][0000028489453780 49] iPad6, [000002848C9DB100][000002848D3CF900 49] iPad7, [000002848CA31A00][000002848D3D7A80 49] iPad8, [000002848C9DA800][000002848D3FDC00 49] iPadPro11, [000002848CA31B00][000002848D42C200 49] iPadPro2_11, [000002848C9D9B00][000002848D43C380 49] iPadPro3_129, [000002848CA33900][000002848D4B4500 49] iPadPro4_129, [000002848C9D9500][000002848D5E2680 49] AppleTV, [000002848CA32000][000002848D606800 49] AppleTV4K, [000002848C9D8100][000002848D60A980 49] TVOS, [000002848CA32600][000002848D612B00 49] Mac, [000002848C9DA700][000002848D654C80 49] MacClient, [000002848CA32F00][000002848D664E00 49] MacNoEditor, [000002848C9DB900][000002848D67EF80 49] MacServer, [000002848CA33500][000002848D683100 49] Linux, [000002848C9DA200][0000028489443240 49] LinuxAArch64, [000002848CA30B00][000002848D687380 49] LinuxNoEditor, [000002848C9DBB00][000002848D68B4C0 49] LinuxAArch64NoEditor, [000002848CA30100][000002848D693640 49] LinuxClient, [000002848C9D9D00][000002848D69D7C0 49] LinuxAArch64Client, [000002848CA31600][000002848D297940 49] LinuxServer, [000002848C9DA100][000002848D29BAC0 49] LinuxAArch64Server, [000002848CA31300][000002848D29E0C0 49] Android, [000002848C9D8500][000002848D2DE240 49] Android_Low, [000002848CA32B00][000002848D2E23C0 49] Android_Mid, [000002848CA57A00][000002848D6A0540 49] Android_High, [000002848C9F9C00][000002848D6A46C0 49] Android_Default, [000002848CA56100][000002848D6A8840 49] Android_Adreno4xx, [000002848C9FA700][000002848D6AC9C0 49] Android_Adreno5xx_Low, [000002848CA54B00][000002848D6C4B40 49] Android_Adreno5xx, [000002848C9FAD00][000002848D6FCCC0 49] Android_Adreno6xx, [000002848CA55200][000002848BE90E40 49] Android_Adreno6xx_Vulkan, [000002848C9FA800][000002848BE94FC0 49] Android_Mali_T6xx, [000002848CA57200][000002848BE99140 49] Android_Mali_T7xx, [000002848C9FAE00][000002848BE9D2C0 49] Android_Mali_T8xx, [000002848CA56500][000002848D68F400 49] Android_Mali_G71, [000002848C9FBE00][000002848BEA5540 49] Android_Mali_G72, [000002848CA56A00][000002848BEA9680 49] Android_Mali_G72_Vulkan, [000002848C9F9B00][000002848BEAD7C0 49] Android_Mali_G76, [000002848CA55D00][000002848BEBF940 49] Android_Mali_G76_Vulkan, [000002848C9FB000][000002848BE31AC0 49] Android_Mali_G77, [000002848CA56D00][000002848BE340C0 49] Android_Mali_G77_Vulkan, [000002848C9FBA00][000002848BE38240 49] Android_Mali_G78, [000002848CA54D00][000002848BE3C3C0 49] Android_Mali_G78_Vulkan, [000002848C9F8500][000002848BE40540 49] Android_Mali_G710, [000002848CA55300][000002848BE446C0 49] Android_Mali_G710_Vulkan, [000002848C9FB500][000002848BEA0840 49] Android_Vulkan_SM5, [000002848CA57300][000002848DAC89C0 49] Android_PowerVR_G6xxx, [000002848C9FAC00][000002848BEB0B40 49] Android_PowerVR_GT7xxx, [000002848CA57C00][000002848B850CC0 49] Android_PowerVR_GE8xxx, [000002848C9F9200][000002848D490E40 49] Android_PowerVR_GM9xxx, [000002848CA57000][000002848D440FC0 49] Android_PowerVR_GM9xxx_Vulkan, [000002848C9FA900][000002848D431140 49] Android_TegraK1, [000002848CA55100][000002848D41D2C0 49] Android_Unknown_Vulkan, [000002848CA30600][000002848D419440 49] Lumin, [000002848CA56900][000002848BEBB580 49] Lumin_Desktop, [000002848CA31200][000002848D4156C0 49] HoloLens, 
[2022.12.18-08.12.00:308][  0]LogMeshReduction: Using QuadricMeshReduction for automatic static mesh reduction
[2022.12.18-08.12.00:308][  0]LogMeshReduction: Using SimplygonMeshReduction for automatic skeletal mesh reduction
[2022.12.18-08.12.00:308][  0]LogMeshReduction: Using ProxyLODMeshReduction for automatic mesh merging
[2022.12.18-08.12.00:308][  0]LogMeshReduction: No distributed automatic mesh merging module available
[2022.12.18-08.12.00:309][  0]LogMeshMerging: No distributed automatic mesh merging module available
[2022.12.18-08.12.00:330][  0]LogNetVersion: CrescentTown 1.0.0, NetCL: 17155196, EngineNetVer: 17, GameNetVer: 0 (Checksum: 3684391064)
[2022.12.18-08.12.00:963][  0]LogTexture: Default maximum texture size for cubemaps generated from long-lat sources has been changed from 512 to unlimited. In order to preserve old behaiour for '/Engine/MapTemplates/Sky/DaylightAmbientCubemap.DaylightAmbientCubemap', its maximum texture size has been explicitly set to 512.
[2022.12.18-08.12.01:052][  0]LogHMD: PokeAHoleMaterial loaded successfully
[2022.12.18-08.12.01:061][  0]LogUObjectArray: 17178 objects as part of root set at end of initial load.
[2022.12.18-08.12.01:061][  0]LogUObjectAllocator: 4302048 out of 0 bytes used by permanent object pool.
[2022.12.18-08.12.01:061][  0]LogUObjectArray: CloseDisregardForGC: 0/0 objects in disregard for GC pool
[2022.12.18-08.12.01:431][  0]LogNiagaraDebuggerClient: Niagara Debugger Client Initialized | Session: 17112BEC4DFF63F10242359C2D366C8B | Instance: 9DA27FE74844B4D261BE889412B3AF24 (DESKTOP-FALMBIQ-15212).
[2022.12.18-08.12.01:477][  0]LogPython: Using Python 3.7.7
[2022.12.18-08.12.02:960][  0]LogTcpMessaging: Initializing TcpMessaging bridge
[2022.12.18-08.12.02:966][  0]LogUdpMessaging: Initializing bridge on interface 0.0.0.0:0 to multicast group 230.0.0.1:6666.
[2022.12.18-08.12.03:125][  0]LogLinker: Warning: Failed to load '/Game/CharacterBP/TopDownOverview': Can't find file.
[2022.12.18-08.12.03:126][  0]LogLinker: Warning: Failed to load '/Game/CharacterBP/TopDownOverview': Can't find file.
[2022.12.18-08.12.03:126][  0]LogUObjectGlobals: Warning: Failed to find object 'Class /Game/CharacterBP/TopDownOverview.TopDownOverview_C'
[2022.12.18-08.12.03:250][  0]SourceControl: Source control is disabled
[2022.12.18-08.12.03:250][  0]SourceControl: Source control is disabled
[2022.12.18-08.12.03:254][  0]SourceControl: Source control is disabled
[2022.12.18-08.12.03:259][  0]SourceControl: Source control is disabled
[2022.12.18-08.12.03:270][  0]SourceControl: Source control is disabled
[2022.12.18-08.12.03:280][  0]LogUProjectInfo: Found projects:
[2022.12.18-08.12.03:601][  0]LogOpenImageDenoise: OIDN starting up
[2022.12.18-08.12.03:672][  0]LogAndroidPermission: UAndroidPermissionCallbackProxy::GetInstance
[2022.12.18-08.12.03:700][  0]LogAudioCaptureCore: Display: No Audio Capture implementations found. Audio input will be silent.
[2022.12.18-08.12.03:700][  0]LogAudioCaptureCore: Display: No Audio Capture implementations found. Audio input will be silent.
[2022.12.18-08.12.03:930][  0]LogCollectionManager: Loaded 0 collections in 0.002177 seconds
[2022.12.18-08.12.03:973][  0]LogFileCache: Scanning file cache for directory 'D:/Ultra/UE_Project/Crescent/CrescentTownUE4/Saved/Collections/' took 0.00s
[2022.12.18-08.12.03:973][  0]LogFileCache: Scanning file cache for directory 'D:/Ultra/UE_Project/Crescent/CrescentTownUE4/Content/Developers/User/Collections/' took 0.00s
[2022.12.18-08.12.03:973][  0]LogFileCache: Scanning file cache for directory 'D:/Ultra/UE_Project/Crescent/CrescentTownUE4/Content/Collections/' took 0.00s
[2022.12.18-08.12.03:973][  0]LogOcInput: OculusInput pre-init called
[2022.12.18-08.12.04:771][  0]LogEngine: Initializing Engine...
[2022.12.18-08.12.04:776][  0]LogHMD: Failed to enumerate extensions. Please check that you have a valid OpenXR runtime installed.
[2022.12.18-08.12.04:777][  0]LogHMD: Failed to initialize OpenVR with code 110
[2022.12.18-08.12.04:777][  0]LogMagicLeap: Warning: VR disabled because ZI is not enabled.  To enable, in the editor, Edit -> Project Settings -> Plugins -> Magic Leap Plugin -> Enable Zero Iteration
[2022.12.18-08.12.04:779][  0]LogStats: UGameplayTagsManager::InitializeManager -  0.000 s
[2022.12.18-08.12.05:119][  0]LogInit: Initializing FReadOnlyCVARCache
[2022.12.18-08.12.05:136][  0]LogAIModule: Creating AISystem for world Untitled
[2022.12.18-08.12.05:161][  0]LogAudio: Display: Initializing Audio Device Manager...
[2022.12.18-08.12.05:167][  0]LogAudio: Display: Loading Default Audio Settings Objects...
[2022.12.18-08.12.05:169][  0]LogAudio: Display: No default SoundConcurrencyObject specified (or failed to load).
[2022.12.18-08.12.05:170][  0]LogAudio: Display: Audio Device Manager Initialized
[2022.12.18-08.12.05:170][  0]LogAudio: Display: Creating Audio Device:                 Id: 1, Scope: Shared, Realtime: True
[2022.12.18-08.12.05:170][  0]LogAudioMixer: Display: Audio Mixer Platform Settings:
[2022.12.18-08.12.05:170][  0]LogAudioMixer: Display: 	Sample Rate:						  48000
[2022.12.18-08.12.05:170][  0]LogAudioMixer: Display: 	Callback Buffer Frame Size Requested: 1024
[2022.12.18-08.12.05:170][  0]LogAudioMixer: Display: 	Callback Buffer Frame Size To Use:	  1024
[2022.12.18-08.12.05:171][  0]LogAudioMixer: Display: 	Number of buffers to queue:			  2
[2022.12.18-08.12.05:171][  0]LogAudioMixer: Display: 	Max Channels (voices):				  32
[2022.12.18-08.12.05:171][  0]LogAudioMixer: Display: 	Number of Async Source Workers:		  0
[2022.12.18-08.12.05:171][  0]LogAudio: Display: AudioDevice MaxSources: 32
[2022.12.18-08.12.05:172][  0]LogAudio: Display: Audio Spatialization Plugin: None (built-in).
[2022.12.18-08.12.05:173][  0]LogAudio: Display: Audio Reverb Plugin: None (built-in).
[2022.12.18-08.12.05:173][  0]LogAudio: Display: Audio Occlusion Plugin: None (built-in).
[2022.12.18-08.12.05:173][  0]LogAudioMixer: Display: Initializing audio mixer.
[2022.12.18-08.12.05:282][  0]LogAudioMixer: Display: 0: FrontLeft
[2022.12.18-08.12.05:282][  0]LogAudioMixer: Display: 1: FrontRight
[2022.12.18-08.12.05:612][  0]LogAudioMixer: Display: Using Audio Device Speakers (Realtek High Definition Audio)
[2022.12.18-08.12.05:619][  0]LogAudioMixer: Display: Initializing Sound Submixes...
[2022.12.18-08.12.05:626][  0]LogAudioMixer: Display: Creating Master Submix 'MasterSubmixDefault'
[2022.12.18-08.12.05:626][  0]LogAudioMixer: Display: Creating Master Submix 'MasterReverbSubmixDefault'
[2022.12.18-08.12.05:628][  0]LogAudioMixer: Display: Creating Master Submix 'MasterEQSubmixDefault'
[2022.12.18-08.12.05:628][  0]LogAudioMixer: FMixerPlatformXAudio2::StartAudioStream() called
[2022.12.18-08.12.05:628][  0]LogAudioMixer: Display: Output buffers initialized: Frames=1024, Channels=2, Samples=2048
[2022.12.18-08.12.05:629][  0]LogAudioMixer: Display: Starting AudioMixerPlatformInterface::RunInternal()
[2022.12.18-08.12.05:629][  0]LogAudioMixer: Display: FMixerPlatformXAudio2::SubmitBuffer() called for the first time
[2022.12.18-08.12.05:629][  0]LogInit: FAudioDevice initialized.
[2022.12.18-08.12.05:630][  0]LogAudio: Display: Audio Device (ID: 1) registered with world 'Untitled'.
[2022.12.18-08.12.05:630][  0]LogNetVersion: Set ProjectVersion to 1.0.0.0. Version Checksum will be recalculated on next use.
[2022.12.18-08.12.05:951][  0]LogDerivedDataCache: Saved boot cache 0.32s 94MB C:/Users/User/AppData/Local/UnrealEngine/4.27/DerivedDataCache/Boot.ddc.
[2022.12.18-08.12.05:952][  0]LogInit: Texture streaming: Enabled
[2022.12.18-08.12.05:985][  0]LogAnalytics: Display: [UEEditor.Rocket.Release] APIServer = https://datarouter.ol.epicgames.com/. AppVersion = 4.27.2-18319896+++UE4+Release-4.27
[2022.12.18-08.12.05:994][  0]LogEngineSessionManager: EngineSessionManager initialized
[2022.12.18-08.12.05:994][  0]LogEditorSessionSummary: Verbose: Initializing EditorSessionSummaryWriter for editor session tracking
[2022.12.18-08.12.05:998][  0]LogEditorSessionSummary: EditorSessionSummaryWriter initialized
[2022.12.18-08.12.06:038][  0]LogInit: Transaction tracking system initialized
[2022.12.18-08.12.06:067][  0]BlueprintLog: New page: Editor Load
[2022.12.18-08.12.06:138][  0]LocalizationService: Localization service is disabled
[2022.12.18-08.12.06:165][  0]TimingProfiler: Initialize
[2022.12.18-08.12.06:165][  0]TimingProfiler: OnSessionChanged
[2022.12.18-08.12.06:165][  0]LoadingProfiler: Initialize
[2022.12.18-08.12.06:166][  0]LoadingProfiler: OnSessionChanged
[2022.12.18-08.12.06:166][  0]NetworkingProfiler: Initialize
[2022.12.18-08.12.06:166][  0]NetworkingProfiler: OnSessionChanged
[2022.12.18-08.12.06:166][  0]MemoryProfiler: Initialize
[2022.12.18-08.12.06:166][  0]MemoryProfiler: OnSessionChanged
[2022.12.18-08.12.06:425][  0]LogCook: Display: CookSettings for Memory: MemoryMaxUsedVirtual 0MiB, MemoryMaxUsedPhysical 16384MiB, MemoryMinFreeVirtual 0MiB, MemoryMinFreePhysical 1024MiB
[2022.12.18-08.12.06:425][  0]LogCook: Display: Mobile HDR setting 1
[2022.12.18-08.12.06:689][  0]LogFileCache: Scanning file cache for directory 'D:/Ultra/UE_Project/Crescent/CrescentTownUE4/Content/' took 0.01s
[2022.12.18-08.12.07:097][  0]LogInit: Display: Engine is initialized. Leaving FEngineLoop::Init()
[2022.12.18-08.12.07:103][  0]SourceControl: Source control is disabled
[2022.12.18-08.12.07:103][  0]LogUnrealEdMisc: Loading editor; pre map load, took 12.706
[2022.12.18-08.12.07:103][  0]Cmd: MAP LOAD FILE="../../../../../../Ultra/UE_Project/Crescent/CrescentTownUE4/Content/CrescentTown/Maps/MainMenu.umap" TEMPLATE=0 SHOWPROGRESS=1 FEATURELEVEL=3
[2022.12.18-08.12.07:104][  0]LightingResults: New page: Lighting Build
[2022.12.18-08.12.07:107][  0]LogWorld: UWorld::CleanupWorld for Untitled, bSessionEnded=true, bCleanupResources=true
[2022.12.18-08.12.07:107][  0]LogSlate: InvalidateAllWidgets triggered.  All widgets were invalidated
[2022.12.18-08.12.07:107][  0]MapCheck: New page: Map Check
[2022.12.18-08.12.07:107][  0]LightingResults: New page: Lighting Build
[2022.12.18-08.12.07:117][  0]LogAudio: Display: Audio Device unregistered from world 'None'.
[2022.12.18-08.12.07:123][  0]LogUObjectHash: Compacting FUObjectHashTables data took   1.72ms
[2022.12.18-08.12.07:168][  0]LogAudio: Display: Audio Device (ID: 1) registered with world 'MainMenu'.
[2022.12.18-08.12.07:170][  0]LogAIModule: Creating AISystem for world MainMenu
[2022.12.18-08.12.07:171][  0]LogEditorServer: Finished looking for orphan Actors (0.000 secs)
[2022.12.18-08.12.07:216][  0]LogUObjectHash: Compacting FUObjectHashTables data took   1.66ms
[2022.12.18-08.12.07:217][  0]Cmd: MAP CHECKDEP NOCLEARLOG
[2022.12.18-08.12.07:217][  0]MapCheck: Map check complete: 0 Error(s), 0 Warning(s), took 0.165ms to complete.
[2022.12.18-08.12.07:217][  0]LogFileHelpers: Loading map 'MainMenu' took 0.114
[2022.12.18-08.12.07:221][  0]LogUnrealEdMisc: Total Editor Startup Time, took 12.825
[2022.12.18-08.12.07:415][  0]LogSlate: Updating window title bar state: overlay mode, drag disabled, window buttons hidden, title bar hidden
[2022.12.18-08.12.07:428][  0]LogSlate: Updating window title bar state: overlay mode, drag disabled, window buttons hidden, title bar hidden
[2022.12.18-08.12.07:445][  0]LogSlate: Updating window title bar state: overlay mode, drag disabled, window buttons hidden, title bar hidden
[2022.12.18-08.12.07:463][  0]LogSlate: Updating window title bar state: overlay mode, drag disabled, window buttons hidden, title bar hidden
[2022.12.18-08.12.07:478][  0]LogPakFile: PakFile PrimaryIndexSize=187
[2022.12.18-08.12.07:478][  0]LogPakFile: PakFile PathHashIndexSize=101
[2022.12.18-08.12.07:478][  0]LogPakFile: PakFile FullDirectoryIndexSize=148
[2022.12.18-08.12.07:478][  0]LogShaderLibrary: Display: ShaderCodeLibraryPakFileMountedCallback: PakFile 'D:/Program Files/Epic Games/UE_4.27/FeaturePacks/FP_FirstPerson.upack' (chunk index -1, root 'root:/') mounted
[2022.12.18-08.12.07:478][  0]LogShaderLibrary: Display: ShaderCodeLibraryPakFileMountedCallback: pending pak file info (ChunkID:-1 Root:root:/ File:D:/Program Files/Epic Games/UE_4.27/FeaturePacks/FP_FirstPerson.upack)
[2022.12.18-08.12.07:478][  0]LogPakFile: OnPakFileMounted2Time == 0.000085
[2022.12.18-08.12.07:479][  0]LogPakFile: PakFile PrimaryIndexSize=189
[2022.12.18-08.12.07:479][  0]LogPakFile: PakFile PathHashIndexSize=101
[2022.12.18-08.12.07:479][  0]LogPakFile: PakFile FullDirectoryIndexSize=152
[2022.12.18-08.12.07:479][  0]LogShaderLibrary: Display: ShaderCodeLibraryPakFileMountedCallback: PakFile 'D:/Program Files/Epic Games/UE_4.27/FeaturePacks/FP_FirstPersonBP.upack' (chunk index -1, root 'root:/') mounted
[2022.12.18-08.12.07:479][  0]LogShaderLibrary: Display: ShaderCodeLibraryPakFileMountedCallback: pending pak file info (ChunkID:-1 Root:root:/ File:D:/Program Files/Epic Games/UE_4.27/FeaturePacks/FP_FirstPersonBP.upack)
[2022.12.18-08.12.07:479][  0]LogPakFile: OnPakFileMounted2Time == 0.000065
[2022.12.18-08.12.07:479][  0]LogPakFile: PakFile PrimaryIndexSize=191
[2022.12.18-08.12.07:479][  0]LogPakFile: PakFile PathHashIndexSize=101
[2022.12.18-08.12.07:479][  0]LogPakFile: PakFile FullDirectoryIndexSize=160
[2022.12.18-08.12.07:479][  0]LogShaderLibrary: Display: ShaderCodeLibraryPakFileMountedCallback: PakFile 'D:/Program Files/Epic Games/UE_4.27/FeaturePacks/MobileStarterContent.upack' (chunk index -1, root 'root:/') mounted
[2022.12.18-08.12.07:479][  0]LogShaderLibrary: Display: ShaderCodeLibraryPakFileMountedCallback: pending pak file info (ChunkID:-1 Root:root:/ File:D:/Program Files/Epic Games/UE_4.27/FeaturePacks/MobileStarterContent.upack)
[2022.12.18-08.12.07:479][  0]LogPakFile: OnPakFileMounted2Time == 0.000051
[2022.12.18-08.12.07:480][  0]LogPakFile: PakFile PrimaryIndexSize=185
[2022.12.18-08.12.07:480][  0]LogPakFile: PakFile PathHashIndexSize=101
[2022.12.18-08.12.07:480][  0]LogPakFile: PakFile FullDirectoryIndexSize=148
[2022.12.18-08.12.07:480][  0]LogShaderLibrary: Display: ShaderCodeLibraryPakFileMountedCallback: PakFile 'D:/Program Files/Epic Games/UE_4.27/FeaturePacks/StarterContent.upack' (chunk index -1, root 'root:/') mounted
[2022.12.18-08.12.07:480][  0]LogShaderLibrary: Display: ShaderCodeLibraryPakFileMountedCallback: pending pak file info (ChunkID:-1 Root:root:/ File:D:/Program Files/Epic Games/UE_4.27/FeaturePacks/StarterContent.upack)
[2022.12.18-08.12.07:480][  0]LogPakFile: OnPakFileMounted2Time == 0.000054
[2022.12.18-08.12.07:481][  0]LogPakFile: PakFile PrimaryIndexSize=190
[2022.12.18-08.12.07:481][  0]LogPakFile: PakFile PathHashIndexSize=101
[2022.12.18-08.12.07:481][  0]LogPakFile: PakFile FullDirectoryIndexSize=154
[2022.12.18-08.12.07:481][  0]LogShaderLibrary: Display: ShaderCodeLibraryPakFileMountedCallback: PakFile 'D:/Program Files/Epic Games/UE_4.27/FeaturePacks/TP_2DSideScroller.upack' (chunk index -1, root 'root:/') mounted
[2022.12.18-08.12.07:481][  0]LogShaderLibrary: Display: ShaderCodeLibraryPakFileMountedCallback: pending pak file info (ChunkID:-1 Root:root:/ File:D:/Program Files/Epic Games/UE_4.27/FeaturePacks/TP_2DSideScroller.upack)
[2022.12.18-08.12.07:481][  0]LogPakFile: OnPakFileMounted2Time == 0.000054
[2022.12.18-08.12.07:481][  0]LogPakFile: PakFile PrimaryIndexSize=192
[2022.12.18-08.12.07:481][  0]LogPakFile: PakFile PathHashIndexSize=101
[2022.12.18-08.12.07:481][  0]LogPakFile: PakFile FullDirectoryIndexSize=158
[2022.12.18-08.12.07:481][  0]LogShaderLibrary: Display: ShaderCodeLibraryPakFileMountedCallback: PakFile 'D:/Program Files/Epic Games/UE_4.27/FeaturePacks/TP_2DSideScrollerBP.upack' (chunk index -1, root 'root:/') mounted
[2022.12.18-08.12.07:481][  0]LogShaderLibrary: Display: ShaderCodeLibraryPakFileMountedCallback: pending pak file info (ChunkID:-1 Root:root:/ File:D:/Program Files/Epic Games/UE_4.27/FeaturePacks/TP_2DSideScrollerBP.upack)
[2022.12.18-08.12.07:481][  0]LogPakFile: OnPakFileMounted2Time == 0.000050
[2022.12.18-08.12.07:482][  0]LogPakFile: PakFile PrimaryIndexSize=182
[2022.12.18-08.12.07:482][  0]LogPakFile: PakFile PathHashIndexSize=101
[2022.12.18-08.12.07:482][  0]LogPakFile: PakFile FullDirectoryIndexSize=138
[2022.12.18-08.12.07:482][  0]LogShaderLibrary: Display: ShaderCodeLibraryPakFileMountedCallback: PakFile 'D:/Program Files/Epic Games/UE_4.27/FeaturePacks/TP_Flying.upack' (chunk index -1, root 'root:/') mounted
[2022.12.18-08.12.07:482][  0]LogShaderLibrary: Display: ShaderCodeLibraryPakFileMountedCallback: pending pak file info (ChunkID:-1 Root:root:/ File:D:/Program Files/Epic Games/UE_4.27/FeaturePacks/TP_Flying.upack)
[2022.12.18-08.12.07:482][  0]LogPakFile: OnPakFileMounted2Time == 0.000055
[2022.12.18-08.12.07:483][  0]LogPakFile: PakFile PrimaryIndexSize=184
[2022.12.18-08.12.07:484][  0]LogPakFile: PakFile PathHashIndexSize=101
[2022.12.18-08.12.07:484][  0]LogPakFile: PakFile FullDirectoryIndexSize=142
[2022.12.18-08.12.07:484][  0]LogShaderLibrary: Display: ShaderCodeLibraryPakFileMountedCallback: PakFile 'D:/Program Files/Epic Games/UE_4.27/FeaturePacks/TP_FlyingBP.upack' (chunk index -1, root 'root:/') mounted
[2022.12.18-08.12.07:484][  0]LogShaderLibrary: Display: ShaderCodeLibraryPakFileMountedCallback: pending pak file info (ChunkID:-1 Root:root:/ File:D:/Program Files/Epic Games/UE_4.27/FeaturePacks/TP_FlyingBP.upack)
[2022.12.18-08.12.07:484][  0]LogPakFile: OnPakFileMounted2Time == 0.000111
[2022.12.18-08.12.07:485][  0]LogPakFile: PakFile PrimaryIndexSize=188
[2022.12.18-08.12.07:485][  0]LogPakFile: PakFile PathHashIndexSize=101
[2022.12.18-08.12.07:485][  0]LogPakFile: PakFile FullDirectoryIndexSize=150
[2022.12.18-08.12.07:485][  0]LogShaderLibrary: Display: ShaderCodeLibraryPakFileMountedCallback: PakFile 'D:/Program Files/Epic Games/UE_4.27/FeaturePacks/TP_HandheldARBP.upack' (chunk index -1, root 'root:/') mounted
[2022.12.18-08.12.07:485][  0]LogShaderLibrary: Display: ShaderCodeLibraryPakFileMountedCallback: pending pak file info (ChunkID:-1 Root:root:/ File:D:/Program Files/Epic Games/UE_4.27/FeaturePacks/TP_HandheldARBP.upack)
[2022.12.18-08.12.07:485][  0]LogPakFile: OnPakFileMounted2Time == 0.000064
[2022.12.18-08.12.07:486][  0]LogPakFile: PakFile PrimaryIndexSize=182
[2022.12.18-08.12.07:486][  0]LogPakFile: PakFile PathHashIndexSize=101
[2022.12.18-08.12.07:486][  0]LogPakFile: PakFile FullDirectoryIndexSize=138
[2022.12.18-08.12.07:486][  0]LogShaderLibrary: Display: ShaderCodeLibraryPakFileMountedCallback: PakFile 'D:/Program Files/Epic Games/UE_4.27/FeaturePacks/TP_Puzzle.upack' (chunk index -1, root 'root:/') mounted
[2022.12.18-08.12.07:486][  0]LogShaderLibrary: Display: ShaderCodeLibraryPakFileMountedCallback: pending pak file info (ChunkID:-1 Root:root:/ File:D:/Program Files/Epic Games/UE_4.27/FeaturePacks/TP_Puzzle.upack)
[2022.12.18-08.12.07:486][  0]LogPakFile: OnPakFileMounted2Time == 0.000222
[2022.12.18-08.12.07:488][  0]LogPakFile: PakFile PrimaryIndexSize=184
[2022.12.18-08.12.07:488][  0]LogPakFile: PakFile PathHashIndexSize=101
[2022.12.18-08.12.07:488][  0]LogPakFile: PakFile FullDirectoryIndexSize=142
[2022.12.18-08.12.07:488][  0]LogShaderLibrary: Display: ShaderCodeLibraryPakFileMountedCallback: PakFile 'D:/Program Files/Epic Games/UE_4.27/FeaturePacks/TP_PuzzleBP.upack' (chunk index -1, root 'root:/') mounted
[2022.12.18-08.12.07:488][  0]LogShaderLibrary: Display: ShaderCodeLibraryPakFileMountedCallback: pending pak file info (ChunkID:-1 Root:root:/ File:D:/Program Files/Epic Games/UE_4.27/FeaturePacks/TP_PuzzleBP.upack)
[2022.12.18-08.12.07:488][  0]LogPakFile: OnPakFileMounted2Time == 0.000131
[2022.12.18-08.12.07:489][  0]LogPakFile: PakFile PrimaryIndexSize=183
[2022.12.18-08.12.07:489][  0]LogPakFile: PakFile PathHashIndexSize=101
[2022.12.18-08.12.07:489][  0]LogPakFile: PakFile FullDirectoryIndexSize=140
[2022.12.18-08.12.07:489][  0]LogShaderLibrary: Display: ShaderCodeLibraryPakFileMountedCallback: PakFile 'D:/Program Files/Epic Games/UE_4.27/FeaturePacks/TP_Rolling.upack' (chunk index -1, root 'root:/') mounted
[2022.12.18-08.12.07:489][  0]LogShaderLibrary: Display: ShaderCodeLibraryPakFileMountedCallback: pending pak file info (ChunkID:-1 Root:root:/ File:D:/Program Files/Epic Games/UE_4.27/FeaturePacks/TP_Rolling.upack)
[2022.12.18-08.12.07:489][  0]LogPakFile: OnPakFileMounted2Time == 0.000108
[2022.12.18-08.12.07:490][  0]LogPakFile: PakFile PrimaryIndexSize=185
[2022.12.18-08.12.07:491][  0]LogPakFile: PakFile PathHashIndexSize=101
[2022.12.18-08.12.07:491][  0]LogPakFile: PakFile FullDirectoryIndexSize=144
[2022.12.18-08.12.07:491][  0]LogShaderLibrary: Display: ShaderCodeLibraryPakFileMountedCallback: PakFile 'D:/Program Files/Epic Games/UE_4.27/FeaturePacks/TP_RollingBP.upack' (chunk index -1, root 'root:/') mounted
[2022.12.18-08.12.07:491][  0]LogShaderLibrary: Display: ShaderCodeLibraryPakFileMountedCallback: pending pak file info (ChunkID:-1 Root:root:/ File:D:/Program Files/Epic Games/UE_4.27/FeaturePacks/TP_RollingBP.upack)
[2022.12.18-08.12.07:491][  0]LogPakFile: OnPakFileMounted2Time == 0.000128
[2022.12.18-08.12.07:492][  0]LogPakFile: PakFile PrimaryIndexSize=188
[2022.12.18-08.12.07:492][  0]LogPakFile: PakFile PathHashIndexSize=101
[2022.12.18-08.12.07:492][  0]LogPakFile: PakFile FullDirectoryIndexSize=150
[2022.12.18-08.12.07:493][  0]LogShaderLibrary: Display: ShaderCodeLibraryPakFileMountedCallback: PakFile 'D:/Program Files/Epic Games/UE_4.27/FeaturePacks/TP_SideScroller.upack' (chunk index -1, root 'root:/') mounted
[2022.12.18-08.12.07:493][  0]LogShaderLibrary: Display: ShaderCodeLibraryPakFileMountedCallback: pending pak file info (ChunkID:-1 Root:root:/ File:D:/Program Files/Epic Games/UE_4.27/FeaturePacks/TP_SideScroller.upack)
[2022.12.18-08.12.07:493][  0]LogPakFile: OnPakFileMounted2Time == 0.000108
[2022.12.18-08.12.07:494][  0]LogPakFile: PakFile PrimaryIndexSize=190
[2022.12.18-08.12.07:494][  0]LogPakFile: PakFile PathHashIndexSize=101
[2022.12.18-08.12.07:494][  0]LogPakFile: PakFile FullDirectoryIndexSize=154
[2022.12.18-08.12.07:494][  0]LogShaderLibrary: Display: ShaderCodeLibraryPakFileMountedCallback: PakFile 'D:/Program Files/Epic Games/UE_4.27/FeaturePacks/TP_SideScrollerBP.upack' (chunk index -1, root 'root:/') mounted
[2022.12.18-08.12.07:494][  0]LogShaderLibrary: Display: ShaderCodeLibraryPakFileMountedCallback: pending pak file info (ChunkID:-1 Root:root:/ File:D:/Program Files/Epic Games/UE_4.27/FeaturePacks/TP_SideScrollerBP.upack)
[2022.12.18-08.12.07:494][  0]LogPakFile: OnPakFileMounted2Time == 0.000122
[2022.12.18-08.12.07:495][  0]LogPakFile: PakFile PrimaryIndexSize=187
[2022.12.18-08.12.07:495][  0]LogPakFile: PakFile PathHashIndexSize=101
[2022.12.18-08.12.07:495][  0]LogPakFile: PakFile FullDirectoryIndexSize=148
[2022.12.18-08.12.07:495][  0]LogShaderLibrary: Display: ShaderCodeLibraryPakFileMountedCallback: PakFile 'D:/Program Files/Epic Games/UE_4.27/FeaturePacks/TP_ThirdPerson.upack' (chunk index -1, root 'root:/') mounted
[2022.12.18-08.12.07:495][  0]LogShaderLibrary: Display: ShaderCodeLibraryPakFileMountedCallback: pending pak file info (ChunkID:-1 Root:root:/ File:D:/Program Files/Epic Games/UE_4.27/FeaturePacks/TP_ThirdPerson.upack)
[2022.12.18-08.12.07:495][  0]LogPakFile: OnPakFileMounted2Time == 0.000121
[2022.12.18-08.12.07:496][  0]LogPakFile: PakFile PrimaryIndexSize=189
[2022.12.18-08.12.07:497][  0]LogPakFile: PakFile PathHashIndexSize=101
[2022.12.18-08.12.07:497][  0]LogPakFile: PakFile FullDirectoryIndexSize=152
[2022.12.18-08.12.07:497][  0]LogShaderLibrary: Display: ShaderCodeLibraryPakFileMountedCallback: PakFile 'D:/Program Files/Epic Games/UE_4.27/FeaturePacks/TP_ThirdPersonBP.upack' (chunk index -1, root 'root:/') mounted
[2022.12.18-08.12.07:497][  0]LogShaderLibrary: Display: ShaderCodeLibraryPakFileMountedCallback: pending pak file info (ChunkID:-1 Root:root:/ File:D:/Program Files/Epic Games/UE_4.27/FeaturePacks/TP_ThirdPersonBP.upack)
[2022.12.18-08.12.07:497][  0]LogPakFile: OnPakFileMounted2Time == 0.000114
[2022.12.18-08.12.07:498][  0]LogPakFile: PakFile PrimaryIndexSize=183
[2022.12.18-08.12.07:498][  0]LogPakFile: PakFile PathHashIndexSize=101
[2022.12.18-08.12.07:498][  0]LogPakFile: PakFile FullDirectoryIndexSize=140
[2022.12.18-08.12.07:498][  0]LogShaderLibrary: Display: ShaderCodeLibraryPakFileMountedCallback: PakFile 'D:/Program Files/Epic Games/UE_4.27/FeaturePacks/TP_TopDown.upack' (chunk index -1, root 'root:/') mounted
[2022.12.18-08.12.07:498][  0]LogShaderLibrary: Display: ShaderCodeLibraryPakFileMountedCallback: pending pak file info (ChunkID:-1 Root:root:/ File:D:/Program Files/Epic Games/UE_4.27/FeaturePacks/TP_TopDown.upack)
[2022.12.18-08.12.07:498][  0]LogPakFile: OnPakFileMounted2Time == 0.000116
[2022.12.18-08.12.07:499][  0]LogPakFile: PakFile PrimaryIndexSize=185
[2022.12.18-08.12.07:499][  0]LogPakFile: PakFile PathHashIndexSize=101
[2022.12.18-08.12.07:499][  0]LogPakFile: PakFile FullDirectoryIndexSize=144
[2022.12.18-08.12.07:499][  0]LogShaderLibrary: Display: ShaderCodeLibraryPakFileMountedCallback: PakFile 'D:/Program Files/Epic Games/UE_4.27/FeaturePacks/TP_TopDownBP.upack' (chunk index -1, root 'root:/') mounted
[2022.12.18-08.12.07:500][  0]LogShaderLibrary: Display: ShaderCodeLibraryPakFileMountedCallback: pending pak file info (ChunkID:-1 Root:root:/ File:D:/Program Files/Epic Games/UE_4.27/FeaturePacks/TP_TopDownBP.upack)
[2022.12.18-08.12.07:500][  0]LogPakFile: OnPakFileMounted2Time == 0.000124
[2022.12.18-08.12.07:501][  0]LogPakFile: PakFile PrimaryIndexSize=185
[2022.12.18-08.12.07:501][  0]LogPakFile: PakFile PathHashIndexSize=101
[2022.12.18-08.12.07:501][  0]LogPakFile: PakFile FullDirectoryIndexSize=144
[2022.12.18-08.12.07:501][  0]LogShaderLibrary: Display: ShaderCodeLibraryPakFileMountedCallback: PakFile 'D:/Program Files/Epic Games/UE_4.27/FeaturePacks/TP_TwinStick.upack' (chunk index -1, root 'root:/') mounted
[2022.12.18-08.12.07:501][  0]LogShaderLibrary: Display: ShaderCodeLibraryPakFileMountedCallback: pending pak file info (ChunkID:-1 Root:root:/ File:D:/Program Files/Epic Games/UE_4.27/FeaturePacks/TP_TwinStick.upack)
[2022.12.18-08.12.07:501][  0]LogPakFile: OnPakFileMounted2Time == 0.000120
[2022.12.18-08.12.07:502][  0]LogPakFile: PakFile PrimaryIndexSize=187
[2022.12.18-08.12.07:502][  0]LogPakFile: PakFile PathHashIndexSize=101
[2022.12.18-08.12.07:502][  0]LogPakFile: PakFile FullDirectoryIndexSize=148
[2022.12.18-08.12.07:502][  0]LogShaderLibrary: Display: ShaderCodeLibraryPakFileMountedCallback: PakFile 'D:/Program Files/Epic Games/UE_4.27/FeaturePacks/TP_TwinStickBP.upack' (chunk index -1, root 'root:/') mounted
[2022.12.18-08.12.07:502][  0]LogShaderLibrary: Display: ShaderCodeLibraryPakFileMountedCallback: pending pak file info (ChunkID:-1 Root:root:/ File:D:/Program Files/Epic Games/UE_4.27/FeaturePacks/TP_TwinStickBP.upack)
[2022.12.18-08.12.07:502][  0]LogPakFile: OnPakFileMounted2Time == 0.000095
[2022.12.18-08.12.07:504][  0]LogPakFile: PakFile PrimaryIndexSize=183
[2022.12.18-08.12.07:504][  0]LogPakFile: PakFile PathHashIndexSize=101
[2022.12.18-08.12.07:504][  0]LogPakFile: PakFile FullDirectoryIndexSize=140
[2022.12.18-08.12.07:504][  0]LogShaderLibrary: Display: ShaderCodeLibraryPakFileMountedCallback: PakFile 'D:/Program Files/Epic Games/UE_4.27/FeaturePacks/TP_Vehicle.upack' (chunk index -1, root 'root:/') mounted
[2022.12.18-08.12.07:504][  0]LogShaderLibrary: Display: ShaderCodeLibraryPakFileMountedCallback: pending pak file info (ChunkID:-1 Root:root:/ File:D:/Program Files/Epic Games/UE_4.27/FeaturePacks/TP_Vehicle.upack)
[2022.12.18-08.12.07:504][  0]LogPakFile: OnPakFileMounted2Time == 0.000113
[2022.12.18-08.12.07:505][  0]LogPakFile: PakFile PrimaryIndexSize=186
[2022.12.18-08.12.07:505][  0]LogPakFile: PakFile PathHashIndexSize=101
[2022.12.18-08.12.07:505][  0]LogPakFile: PakFile FullDirectoryIndexSize=146
[2022.12.18-08.12.07:505][  0]LogShaderLibrary: Display: ShaderCodeLibraryPakFileMountedCallback: PakFile 'D:/Program Files/Epic Games/UE_4.27/FeaturePacks/TP_VehicleAdv.upack' (chunk index -1, root 'root:/') mounted
[2022.12.18-08.12.07:505][  0]LogShaderLibrary: Display: ShaderCodeLibraryPakFileMountedCallback: pending pak file info (ChunkID:-1 Root:root:/ File:D:/Program Files/Epic Games/UE_4.27/FeaturePacks/TP_VehicleAdv.upack)
[2022.12.18-08.12.07:505][  0]LogPakFile: OnPakFileMounted2Time == 0.000070
[2022.12.18-08.12.07:506][  0]LogPakFile: PakFile PrimaryIndexSize=188
[2022.12.18-08.12.07:506][  0]LogPakFile: PakFile PathHashIndexSize=101
[2022.12.18-08.12.07:506][  0]LogPakFile: PakFile FullDirectoryIndexSize=150
[2022.12.18-08.12.07:506][  0]LogShaderLibrary: Display: ShaderCodeLibraryPakFileMountedCallback: PakFile 'D:/Program Files/Epic Games/UE_4.27/FeaturePacks/TP_VehicleAdvBP.upack' (chunk index -1, root 'root:/') mounted
[2022.12.18-08.12.07:506][  0]LogShaderLibrary: Display: ShaderCodeLibraryPakFileMountedCallback: pending pak file info (ChunkID:-1 Root:root:/ File:D:/Program Files/Epic Games/UE_4.27/FeaturePacks/TP_VehicleAdvBP.upack)
[2022.12.18-08.12.07:507][  0]LogPakFile: OnPakFileMounted2Time == 0.000142
[2022.12.18-08.12.07:508][  0]LogPakFile: PakFile PrimaryIndexSize=185
[2022.12.18-08.12.07:508][  0]LogPakFile: PakFile PathHashIndexSize=101
[2022.12.18-08.12.07:508][  0]LogPakFile: PakFile FullDirectoryIndexSize=144
[2022.12.18-08.12.07:508][  0]LogShaderLibrary: Display: ShaderCodeLibraryPakFileMountedCallback: PakFile 'D:/Program Files/Epic Games/UE_4.27/FeaturePacks/TP_VehicleBP.upack' (chunk index -1, root 'root:/') mounted
[2022.12.18-08.12.07:508][  0]LogShaderLibrary: Display: ShaderCodeLibraryPakFileMountedCallback: pending pak file info (ChunkID:-1 Root:root:/ File:D:/Program Files/Epic Games/UE_4.27/FeaturePacks/TP_VehicleBP.upack)
[2022.12.18-08.12.07:508][  0]LogPakFile: OnPakFileMounted2Time == 0.000166
[2022.12.18-08.12.07:509][  0]LogPakFile: PakFile PrimaryIndexSize=192
[2022.12.18-08.12.07:509][  0]LogPakFile: PakFile PathHashIndexSize=101
[2022.12.18-08.12.07:509][  0]LogPakFile: PakFile FullDirectoryIndexSize=158
[2022.12.18-08.12.07:509][  0]LogShaderLibrary: Display: ShaderCodeLibraryPakFileMountedCallback: PakFile 'D:/Program Files/Epic Games/UE_4.27/FeaturePacks/TP_VirtualRealityBP.upack' (chunk index -1, root 'root:/') mounted
[2022.12.18-08.12.07:509][  0]LogShaderLibrary: Display: ShaderCodeLibraryPakFileMountedCallback: pending pak file info (ChunkID:-1 Root:root:/ File:D:/Program Files/Epic Games/UE_4.27/FeaturePacks/TP_VirtualRealityBP.upack)
[2022.12.18-08.12.07:509][  0]LogPakFile: OnPakFileMounted2Time == 0.000073
[2022.12.18-08.12.07:593][  0]LogNativeClassHierarchy: Verbose: Native class hierarchy populated in 0.0170 seconds. Added 3822 classes and 928 folders.
[2022.12.18-08.12.07:595][  0]LogNativeClassHierarchy: Verbose: Native class hierarchy updated for 'SceneOutliner' in 0.0004 seconds. Added 2 classes and 0 folders.
[2022.12.18-08.12.07:686][  0]LogSlate: Took 0.000307 seconds to synchronously load lazily loaded font '../../../Engine/Content/Slate/Fonts/Roboto-Regular.ttf' (155K)
[2022.12.18-08.12.07:688][  0]LogSlate: Took 0.000393 seconds to synchronously load lazily loaded font '../../../Engine/Content/Editor/Slate/Fonts/FontAwesome.ttf' (139K)
[2022.12.18-08.12.07:690][  0]LogSlate: Took 0.000254 seconds to synchronously load lazily loaded font '../../../Engine/Content/Slate/Fonts/Roboto-Bold.ttf' (160K)
[2022.12.18-08.12.07:836][  0]LogRenderer: Reallocating scene render targets to support 1004x460 Format 10 NumSamples 1 (Frame:1).
[2022.12.18-08.12.08:040][  0]LogNativeClassHierarchy: Verbose: Native class hierarchy updated for 'HierarchicalLODOutliner' in 0.0005 seconds. Added 0 classes and 0 folders.
[2022.12.18-08.12.08:040][  0]LogInput: Warning: Action SetDestination uses invalid key OculusGo_Left_Trigger_Click.
[2022.12.18-08.12.08:040][  0]LogInput: Warning: Action ResetVR uses invalid key OculusGo_Left_Back_Click.
[2022.12.18-08.12.08:040][  0]LogInput: Warning: Use -RemoveInvalidKeys to remove instances of these keys from the action mapping.
[2022.12.18-08.12.08:040][  0]LogLoad: (Engine Initialization) Total time: 13.64 seconds
[2022.12.18-08.12.08:040][  0]LogLoad: (Engine Initialization) Total Blueprint compile time: 0.00 seconds
[2022.12.18-08.12.08:119][  0]LogContentStreaming: Texture pool size now 1000 MB
[2022.12.18-08.12.08:147][  1]LogFileCache: Retrieving MD5 hashes for directory 'D:/Ultra/UE_Project/Crescent/CrescentTownUE4/Content/' took 0.07s
[2022.12.18-08.12.08:168][  1]LogAssetRegistry: Asset discovery search completed in 8.4356 seconds
[2022.12.18-08.12.08:179][  1]LogCollectionManager: Fixed up redirectors for 0 collections in 0.000006 seconds (updated 0 objects)
[2022.12.18-08.12.09:087][  2]LogSlate: Took 0.000206 seconds to synchronously load lazily loaded font '../../../Engine/Content/Slate/Fonts/Roboto-Light.ttf' (167K)
[2022.12.18-08.12.09:112][  3]LogSlate: Took 0.000255 seconds to synchronously load lazily loaded font '../../../Engine/Content/Slate/Fonts/Roboto-Light.ttf' (167K)
[2022.12.18-08.15.59:436][646]LogAssetEditorSubsystem: Opening Asset editor for Blueprint /Game/CrescentTown/Blueprints/BP_MainCharacter.BP_MainCharacter
[2022.12.18-08.15.59:736][646]LogNativeClassHierarchy: Verbose: Native class hierarchy updated for 'BlueprintGraph' in 0.0007 seconds. Added 126 classes and 0 folders.
[2022.12.18-08.16.01:150][646]LogSlate: Took 0.000240 seconds to synchronously load lazily loaded font '../../../Engine/Content/Slate/Fonts/Roboto-BoldCondensed.ttf' (158K)
[2022.12.18-08.16.14:919][480]LogAssetEditorSubsystem: Opening Asset editor for WidgetBlueprint /Game/CrescentTown/HUD/item.item
[2022.12.18-08.16.54:616][  2]BlueprintLog: New page: Compile item
[2022.12.18-08.16.54:755][  2]LogUObjectHash: Compacting FUObjectHashTables data took   5.60ms
[2022.12.18-08.16.54:831][  2]LogSlate: Took 0.000163 seconds to synchronously load lazily loaded font '../../../Engine/Content/Slate/Fonts/DroidSansMono.ttf' (77K)
[2022.12.18-08.16.56:798][ 98]BlueprintLog: New page: Compile item
[2022.12.18-08.16.56:873][ 98]LogUObjectHash: Compacting FUObjectHashTables data took   4.83ms
